[2020-01-30 22:21:14.452] [exthost] [info] extension host started
[2020-01-30 22:21:14.625] [exthost] [info] ExtensionService#_doActivateExtension vscode.markdown-language-features {"startup":false,"extensionId":{"value":"vscode.markdown-language-features","_lower":"vscode.markdown-language-features"},"activationEvent":"onWebviewPanel:markdown.preview"}
[2020-01-30 22:21:14.626] [exthost] [info] ExtensionService#loadCommonJSModule file:///home/wfu4/.vscode-server/bin/26076a4de974ead31f97692a0d32f90d735645c0/extensions/markdown-language-features/dist/extension
[2020-01-30 22:21:14.675] [exthost] [info] ExtensionService#_doActivateExtension vscode.debug-auto-launch {"startup":true,"extensionId":{"value":"vscode.debug-auto-launch","_lower":"vscode.debug-auto-launch"},"activationEvent":"*"}
[2020-01-30 22:21:14.675] [exthost] [info] ExtensionService#loadCommonJSModule file:///home/wfu4/.vscode-server/bin/26076a4de974ead31f97692a0d32f90d735645c0/extensions/debug-auto-launch/dist/extension
[2020-01-30 22:21:14.680] [exthost] [info] ExtensionService#_doActivateExtension vscode.emmet {"startup":true,"extensionId":{"value":"vscode.emmet","_lower":"vscode.emmet"},"activationEvent":"*"}
[2020-01-30 22:21:14.680] [exthost] [info] ExtensionService#loadCommonJSModule file:///home/wfu4/.vscode-server/bin/26076a4de974ead31f97692a0d32f90d735645c0/extensions/emmet/dist/extension
[2020-01-30 22:21:14.717] [exthost] [info] ExtensionService#_doActivateExtension vscode.git {"startup":true,"extensionId":{"value":"vscode.git","_lower":"vscode.git"},"activationEvent":"*"}
[2020-01-30 22:21:14.718] [exthost] [info] ExtensionService#loadCommonJSModule file:///home/wfu4/.vscode-server/bin/26076a4de974ead31f97692a0d32f90d735645c0/extensions/git/dist/main
[2020-01-30 22:21:14.783] [exthost] [info] ExtensionService#_doActivateExtension vscode.merge-conflict {"startup":true,"extensionId":{"value":"vscode.merge-conflict","_lower":"vscode.merge-conflict"},"activationEvent":"*"}
[2020-01-30 22:21:14.783] [exthost] [info] ExtensionService#loadCommonJSModule file:///home/wfu4/.vscode-server/bin/26076a4de974ead31f97692a0d32f90d735645c0/extensions/merge-conflict/dist/extension
[2020-01-30 22:21:14.789] [exthost] [info] ExtensionService#_doActivateExtension vscode.search-result {"startup":true,"extensionId":{"value":"vscode.search-result","_lower":"vscode.search-result"},"activationEvent":"*"}
[2020-01-30 22:21:14.789] [exthost] [info] ExtensionService#loadCommonJSModule file:///home/wfu4/.vscode-server/bin/26076a4de974ead31f97692a0d32f90d735645c0/extensions/search-result/dist/extension.js
[2020-01-30 22:21:14.803] [exthost] [info] eager extensions activated
[2020-01-30 22:21:15.256] [exthost] [info] ExtensionService#_doActivateExtension vscode.extension-editing {"startup":false,"extensionId":{"value":"vscode.extension-editing","_lower":"vscode.extension-editing"},"activationEvent":"onLanguage:markdown"}
[2020-01-30 22:21:15.256] [exthost] [info] ExtensionService#loadCommonJSModule file:///home/wfu4/.vscode-server/bin/26076a4de974ead31f97692a0d32f90d735645c0/extensions/extension-editing/dist/extension
[2020-01-30 22:22:51.513] [exthost] [error] {"message":"Git error","stdout":"","stderr":"fatal: Could not switch to '/home/wfu4/.vscode-server/data/logs/20200109T164336/': No such file or directory\n","exitCode":128}
[2020-01-30 22:22:51.513] [exthost] [error] {"message":"Git error","stdout":"","stderr":"fatal: Could not switch to '/home/wfu4/.vscode-server/data/logs/20200109T164336/': No such file or directory\n","exitCode":128}
[2020-01-30 22:22:51.513] [exthost] [error] {"message":"Git error","stdout":"","stderr":"fatal: Could not switch to '/home/wfu4/.vscode-server/data/logs/20200109T164336/': No such file or directory\n","exitCode":128}
[2020-01-30 22:22:51.513] [exthost] [error] {"message":"Git error","stdout":"","stderr":"fatal: Could not switch to '/home/wfu4/.vscode-server/data/logs/20200109T164336/': No such file or directory\n","exitCode":128}
[2020-01-30 22:22:51.513] [exthost] [error] {"message":"Git error","stdout":"","stderr":"fatal: Could not switch to '/home/wfu4/.vscode-server/data/logs/20200109T164336/': No such file or directory\n","exitCode":128}
[2020-01-30 22:22:51.513] [exthost] [error] {"message":"Git error","stdout":"","stderr":"fatal: Could not switch to '/home/wfu4/.vscode-server/data/logs/20200109T164336/': No such file or directory\n","exitCode":128}
[2020-01-30 22:22:51.513] [exthost] [error] {"message":"Git error","stdout":"","stderr":"fatal: Could not switch to '/home/wfu4/.vscode-server/data/logs/20200109T164336/': No such file or directory\n","exitCode":128}
[2020-01-30 22:22:51.513] [exthost] [error] {"message":"Git error","stdout":"","stderr":"fatal: Could not switch to '/home/wfu4/.vscode-server/data/logs/20200109T164336/': No such file or directory\n","exitCode":128}
[2020-01-30 22:22:51.513] [exthost] [error] {"message":"Git error","stdout":"","stderr":"fatal: Could not switch to '/home/wfu4/.vscode-server/data/logs/20200109T164336/': No such file or directory\n","exitCode":128}
[2020-01-30 22:22:51.513] [exthost] [error] {"message":"Git error","stdout":"","stderr":"fatal: Could not switch to '/home/wfu4/.vscode-server/data/logs/20200109T164336/': No such file or directory\n","exitCode":128}
[2020-01-30 22:22:51.513] [exthost] [error] {"message":"Git error","stdout":"","stderr":"fatal: Could not switch to '/home/wfu4/.vscode-server/data/logs/20200109T164336/': No such file or directory\n","exitCode":128}
[2020-01-30 22:22:51.513] [exthost] [error] {"message":"Git error","stdout":"","stderr":"fatal: Could not switch to '/home/wfu4/.vscode-server/data/logs/20200109T164336/': No such file or directory\n","exitCode":128}
[2020-01-30 22:22:51.513] [exthost] [error] {"message":"Git error","stdout":"","stderr":"fatal: Could not switch to '/home/wfu4/.vscode-server/data/logs/20200109T164336/': No such file or directory\n","exitCode":128}
[2020-01-30 22:22:51.513] [exthost] [error] {"message":"Git error","stdout":"","stderr":"fatal: Could not switch to '/home/wfu4/.vscode-server/data/logs/20200109T164336/': No such file or directory\n","exitCode":128}
[2020-01-30 22:22:51.513] [exthost] [error] {"message":"Git error","stdout":"","stderr":"fatal: Could not switch to '/home/wfu4/.vscode-server/data/logs/20200109T164336/': No such file or directory\n","exitCode":128}
[2020-01-30 22:22:51.513] [exthost] [error] {"message":"Git error","stdout":"","stderr":"fatal: Could not switch to '/home/wfu4/.vscode-server/data/logs/20200109T164336/': No such file or directory\n","exitCode":128}
[2020-01-30 22:22:51.513] [exthost] [error] {"message":"Git error","stdout":"","stderr":"fatal: Could not switch to '/home/wfu4/.vscode-server/data/logs/20200109T164336/': No such file or directory\n","exitCode":128}
[2020-01-30 22:22:51.513] [exthost] [error] {"message":"Git error","stdout":"","stderr":"fatal: Could not switch to '/home/wfu4/.vscode-server/data/logs/20200109T164336/': No such file or directory\n","exitCode":128}
[2020-01-30 22:22:51.513] [exthost] [error] {"message":"Git error","stdout":"","stderr":"fatal: Could not switch to '/home/wfu4/.vscode-server/data/logs/20200109T164336/': No such file or directory\n","exitCode":128}
[2020-01-30 22:22:51.513] [exthost] [error] {"message":"Git error","stdout":"","stderr":"fatal: Could not switch to '/home/wfu4/.vscode-server/data/logs/20200109T164336/': No such file or directory\n","exitCode":128}
[2020-01-30 22:22:51.513] [exthost] [error] {"message":"Git error","stdout":"","stderr":"fatal: Could not switch to '/home/wfu4/.vscode-server/data/logs/20200109T164336/': No such file or directory\n","exitCode":128}
[2020-01-30 22:22:51.513] [exthost] [error] {"message":"Git error","stdout":"","stderr":"fatal: Could not switch to '/home/wfu4/.vscode-server/data/logs/20200109T164336/': No such file or directory\n","exitCode":128}
[2020-01-30 22:22:51.513] [exthost] [error] {"message":"Git error","stdout":"","stderr":"fatal: Could not switch to '/home/wfu4/.vscode-server/data/logs/20200109T164336/': No such file or directory\n","exitCode":128}
[2020-01-30 22:22:51.513] [exthost] [error] {"message":"Git error","stdout":"","stderr":"fatal: Could not switch to '/home/wfu4/.vscode-server/data/logs/20200109T164336/': No such file or directory\n","exitCode":128}
[2020-01-30 22:22:51.513] [exthost] [error] {"message":"Git error","stdout":"","stderr":"fatal: Could not switch to '/home/wfu4/.vscode-server/data/logs/20200109T164336/': No such file or directory\n","exitCode":128}
[2020-01-30 22:22:51.513] [exthost] [error] {"message":"Git error","stdout":"","stderr":"fatal: Could not switch to '/home/wfu4/.vscode-server/data/logs/20200109T164336/': No such file or directory\n","exitCode":128}
[2020-01-30 22:22:51.513] [exthost] [error] {"message":"Git error","stdout":"","stderr":"fatal: Could not switch to '/home/wfu4/.vscode-server/data/logs/20200109T164336/': No such file or directory\n","exitCode":128}
[2020-01-30 22:22:51.513] [exthost] [error] {"message":"Git error","stdout":"","stderr":"fatal: Could not switch to '/home/wfu4/.vscode-server/data/logs/20200109T164336/': No such file or directory\n","exitCode":128}
[2020-01-30 22:22:51.513] [exthost] [error] {"message":"Git error","stdout":"","stderr":"fatal: Could not switch to '/home/wfu4/.vscode-server/data/logs/20200109T164336/': No such file or directory\n","exitCode":128}
[2020-01-30 22:22:51.513] [exthost] [error] {"message":"Git error","stdout":"","stderr":"fatal: Could not switch to '/home/wfu4/.vscode-server/data/logs/20200109T164336/': No such file or directory\n","exitCode":128}
[2020-01-30 22:22:51.513] [exthost] [error] {"message":"Git error","stdout":"","stderr":"fatal: Could not switch to '/home/wfu4/.vscode-server/data/logs/20200109T164336/': No such file or directory\n","exitCode":128}
[2020-01-30 22:22:51.513] [exthost] [error] {"message":"Git error","stdout":"","stderr":"fatal: Could not switch to '/home/wfu4/.vscode-server/data/logs/20200109T164336/': No such file or directory\n","exitCode":128}
[2020-01-30 22:22:51.513] [exthost] [error] {"message":"Git error","stdout":"","stderr":"fatal: Could not switch to '/home/wfu4/.vscode-server/data/logs/20200109T164336/': No such file or directory\n","exitCode":128}
[2020-01-30 22:22:51.513] [exthost] [error] {"message":"Git error","stdout":"","stderr":"fatal: Could not switch to '/home/wfu4/.vscode-server/data/logs/20200109T164336/': No such file or directory\n","exitCode":128}
[2020-01-30 22:22:51.514] [exthost] [error] {"message":"Git error","stdout":"","stderr":"fatal: Could not switch to '/home/wfu4/.vscode-server/data/logs/20200109T164336/': No such file or directory\n","exitCode":128}
[2020-01-30 22:22:51.514] [exthost] [error] {"message":"Git error","stdout":"","stderr":"fatal: Could not switch to '/home/wfu4/.vscode-server/data/logs/20200109T164336/': No such file or directory\n","exitCode":128}
[2020-01-30 22:22:51.514] [exthost] [error] {"message":"Git error","stdout":"","stderr":"fatal: Could not switch to '/home/wfu4/.vscode-server/data/logs/20200109T164336/': No such file or directory\n","exitCode":128}
