Looking for git in: git
Using git 1.8.3.1 from git
> git rev-parse --show-toplevel
> git rev-parse --git-dir
Open repository: /home/wfu4
> git status -z -u
> git symbolic-ref --short HEAD
> git rev-parse master
> git rev-parse --symbolic-full-name master@{u}
error: No upstream configured for branch 'master'
error: No upstream configured for branch 'master'
fatal: ambiguous argument 'master@{u}': unknown revision or path not in the working tree.
Use '--' to separate paths from revisions, like this:
'git <command> [<revision>...] -- [<file>...]'
> git for-each-ref --format %(refname) %(objectname) --sort -committerdate
> git remote --verbose
> git config --get commit.template
> git show :lab0/csc501-lab0/sys/ctxsw.S
> git check-ignore -v -z --stdin
> git show :lab0/csc501-lab0/sys/ctxsw.S
> git status -z -u
> git symbolic-ref --short HEAD
> git rev-parse master
> git rev-parse --symbolic-full-name master@{u}
error: No upstream configured for branch 'master'
error: No upstream configured for branch 'master'
fatal: ambiguous argument 'master@{u}': unknown revision or path not in the working tree.
Use '--' to separate paths from revisions, like this:
'git <command> [<revision>...] -- [<file>...]'
> git for-each-ref --format %(refname) %(objectname) --sort -committerdate
> git remote --verbose
> git config --get commit.template
> git check-ignore -v -z --stdin
> git check-ignore -v -z --stdin
> git check-ignore -v -z --stdin
> git check-ignore -v -z --stdin
> git check-ignore -v -z --stdin
> git show :lab0/csc501-lab0/sys/main.c
> git check-ignore -v -z --stdin
> git check-ignore -v -z --stdin
> git check-ignore -v -z --stdin
> git show :lab0/csc501-lab0/sys/xint.s
> git show :lab0/csc501-lab0/sys/startup.S
> git check-ignore -v -z --stdin
> git status -z -u
> git symbolic-ref --short HEAD
> git rev-parse master
> git rev-parse --symbolic-full-name master@{u}
error: No upstream configured for branch 'master'
error: No upstream configured for branch 'master'
fatal: ambiguous argument 'master@{u}': unknown revision or path not in the working tree.
Use '--' to separate paths from revisions, like this:
'git <command> [<revision>...] -- [<file>...]'
> git for-each-ref --format %(refname) %(objectname) --sort -committerdate
> git remote --verbose
> git config --get commit.template
> git status -z -u
> git symbolic-ref --short HEAD
> git rev-parse master
> git rev-parse --symbolic-full-name master@{u}
error: No upstream configured for branch 'master'
error: No upstream configured for branch 'master'
fatal: ambiguous argument 'master@{u}': unknown revision or path not in the working tree.
Use '--' to separate paths from revisions, like this:
'git <command> [<revision>...] -- [<file>...]'
> git for-each-ref --format %(refname) %(objectname) --sort -committerdate
> git remote --verbose
> git config --get commit.template
> git check-ignore -v -z --stdin
> git status -z -u
> git symbolic-ref --short HEAD
> git rev-parse master
> git rev-parse --symbolic-full-name master@{u}
error: No upstream configured for branch 'master'
error: No upstream configured for branch 'master'
fatal: ambiguous argument 'master@{u}': unknown revision or path not in the working tree.
Use '--' to separate paths from revisions, like this:
'git <command> [<revision>...] -- [<file>...]'
> git for-each-ref --format %(refname) %(objectname) --sort -committerdate
> git remote --verbose
> git config --get commit.template
> git check-ignore -v -z --stdin
> git status -z -u
> git symbolic-ref --short HEAD
> git rev-parse master
> git rev-parse --symbolic-full-name master@{u}
error: No upstream configured for branch 'master'
error: No upstream configured for branch 'master'
fatal: ambiguous argument 'master@{u}': unknown revision or path not in the working tree.
Use '--' to separate paths from revisions, like this:
'git <command> [<revision>...] -- [<file>...]'
> git for-each-ref --format %(refname) %(objectname) --sort -committerdate
> git remote --verbose
> git config --get commit.template
> git status -z -u
> git symbolic-ref --short HEAD
> git rev-parse master
> git rev-parse --symbolic-full-name master@{u}
error: No upstream configured for branch 'master'
error: No upstream configured for branch 'master'
fatal: ambiguous argument 'master@{u}': unknown revision or path not in the working tree.
Use '--' to separate paths from revisions, like this:
'git <command> [<revision>...] -- [<file>...]'
> git for-each-ref --format %(refname) %(objectname) --sort -committerdate
> git remote --verbose
> git config --get commit.template
> git check-ignore -v -z --stdin
> git show :lab0/csc501-lab0/sys/xint.s
> git show :lab0/csc501-lab0/sys/main.c
> git status -z -u
> git symbolic-ref --short HEAD
> git rev-parse master
> git rev-parse --symbolic-full-name master@{u}
error: No upstream configured for branch 'master'
error: No upstream configured for branch 'master'
fatal: ambiguous argument 'master@{u}': unknown revision or path not in the working tree.
Use '--' to separate paths from revisions, like this:
'git <command> [<revision>...] -- [<file>...]'
> git for-each-ref --format %(refname) %(objectname) --sort -committerdate
> git remote --verbose
> git config --get commit.template
> git status -z -u
> git symbolic-ref --short HEAD
> git rev-parse master
> git rev-parse --symbolic-full-name master@{u}
error: No upstream configured for branch 'master'
error: No upstream configured for branch 'master'
fatal: ambiguous argument 'master@{u}': unknown revision or path not in the working tree.
Use '--' to separate paths from revisions, like this:
'git <command> [<revision>...] -- [<file>...]'
> git for-each-ref --format %(refname) %(objectname) --sort -committerdate
> git remote --verbose
> git config --get commit.template
> git status -z -u
> git symbolic-ref --short HEAD
> git rev-parse master
> git rev-parse --symbolic-full-name master@{u}
error: No upstream configured for branch 'master'
error: No upstream configured for branch 'master'
fatal: ambiguous argument 'master@{u}': unknown revision or path not in the working tree.
Use '--' to separate paths from revisions, like this:
'git <command> [<revision>...] -- [<file>...]'
> git for-each-ref --format %(refname) %(objectname) --sort -committerdate
> git remote --verbose
> git config --get commit.template
> git status -z -u
> git symbolic-ref --short HEAD
> git rev-parse master
> git rev-parse --symbolic-full-name master@{u}
error: No upstream configured for branch 'master'
error: No upstream configured for branch 'master'
fatal: ambiguous argument 'master@{u}': unknown revision or path not in the working tree.
Use '--' to separate paths from revisions, like this:
'git <command> [<revision>...] -- [<file>...]'
> git for-each-ref --format %(refname) %(objectname) --sort -committerdate
> git remote --verbose
> git config --get commit.template
> git status -z -u
> git symbolic-ref --short HEAD
> git rev-parse master
> git rev-parse --symbolic-full-name master@{u}
error: No upstream configured for branch 'master'
error: No upstream configured for branch 'master'
fatal: ambiguous argument 'master@{u}': unknown revision or path not in the working tree.
Use '--' to separate paths from revisions, like this:
'git <command> [<revision>...] -- [<file>...]'
> git for-each-ref --format %(refname) %(objectname) --sort -committerdate
> git remote --verbose
> git config --get commit.template
> git check-ignore -v -z --stdin
> git show :lab0/csc501-lab0/sys/main.c
> git check-ignore -v -z --stdin
> git check-ignore -v -z --stdin
> git show :lab0/csc501-lab0/h/date.h
> git show :lab0/csc501-lab0/h/ping.h
> git show :lab0/csc501-lab0/h/proc.h
> git show :lab0/csc501-lab0/h/syslog.h
> git show :lab0/csc501-lab0/h/com.h
> git check-ignore -v -z --stdin
> git check-ignore -v -z --stdin
> git show :lab0/csc501-lab0/com/comiin.c
> git show :lab0/csc501-lab0/com/cominit.c
> git show :lab0/csc501-lab0/com/comint.S
> git show :lab0/csc501-lab0/com/comintr.c
> git show :lab0/csc501-lab0/com/comoutput.c
> git check-ignore -v -z --stdin
> git show :lab0/csc501-lab0/tty/ttynew.c
> git show :lab0/csc501-lab0/tty/ttyalloc.c
> git show :lab0/csc501-lab0/tty/ttyread.c
> git show :lab0/csc501-lab0/tty/ttynew.c
> git show :lab0/csc501-lab0/tty/ttyinit.c
> git show :lab0/csc501-lab0/tty/ttynew.c
> git check-ignore -v -z --stdin
> git show :lab0/csc501-lab0/sys/sreset.c
> git show :lab0/csc501-lab0/sys/unsleep.c
> git show :lab0/csc501-lab0/sys/userret.c
> git show :lab0/csc501-lab0/sys/shutdown.c
> git show :lab0/csc501-lab0/sys/sleep.c
> git show :lab0/csc501-lab0/sys/shutdown.c
> git show :lab0/csc501-lab0/sys/sdelete.c
> git show :lab0/csc501-lab0/sys/send.c
> git show :lab0/csc501-lab0/sys/open.c
> git show :lab0/csc501-lab0/sys/ionull.c
> git show :lab0/csc501-lab0/sys/kill.c
> git show :lab0/csc501-lab0/sys/ioerr.c
> git show :lab0/csc501-lab0/sys/initialize.c
> git show :lab0/csc501-lab0/h/stdio.h
> git show :lab0/csc501-lab0/h/syslog.h
> git show :lab0/csc501-lab0/h/systypes.h
> git show :lab0/csc501-lab0/h/ping.h
> git show :lab0/csc501-lab0/h/pci.h
> git show :lab0/csc501-lab0/h/mark.h
> git show :lab0/csc501-lab0/h/kernel.h
> git show :lab0/csc501-lab0/h/io.h
> git show :lab0/csc501-lab0/h/icu.h
> git show :lab0/csc501-lab0/h/i386.h
> git show :lab0/csc501-lab0/h/date.h
> git show :lab0/csc501-lab0/h/ctype.h
> git show :lab0/csc501-lab0/h/com.h
> git show :lab0/csc501-lab0/sys/startup.S
> git show :lab0/csc501-lab0/sys/xint.s
> git show :lab0/csc501-lab0/sys/startup.S
> git show :lab0/csc501-lab0/sys/xint.s
> git show :lab0/csc501-lab0/sys/intr.S
