Looking for git in: git
Using git 1.8.3.1 from git
> git rev-parse --show-toplevel
> git rev-parse --git-dir
Open repository: /home/wfu4
> git status -z -u
> git symbolic-ref --short HEAD
> git rev-parse master
> git rev-parse --symbolic-full-name master@{u}
error: No upstream configured for branch 'master'
error: No upstream configured for branch 'master'
fatal: ambiguous argument 'master@{u}': unknown revision or path not in the working tree.
Use '--' to separate paths from revisions, like this:
'git <command> [<revision>...] -- [<file>...]'
> git for-each-ref --format %(refname) %(objectname) --sort -committerdate
> git remote --verbose
> git config --get commit.template
> git check-ignore -v -z --stdin
> git check-ignore -v -z --stdin
> git check-ignore -v -z --stdin
> git check-ignore -v -z --stdin
> git check-ignore -v -z --stdin
> git check-ignore -v -z --stdin
> git show :lab0/csc501-lab0/sys/printsegaddress.c
> git status -z -u
> git symbolic-ref --short HEAD
> git rev-parse master
> git rev-parse --symbolic-full-name master@{u}
error: No upstream configured for branch 'master'
error: No upstream configured for branch 'master'
fatal: ambiguous argument 'master@{u}': unknown revision or path not in the working tree.
Use '--' to separate paths from revisions, like this:
'git <command> [<revision>...] -- [<file>...]'
> git for-each-ref --format %(refname) %(objectname) --sort -committerdate
> git remote --verbose
> git config --get commit.template
> git show :lab0/csc501-lab0/sys/printsegaddress.c
> git status -z -u
> git symbolic-ref --short HEAD
> git rev-parse master
> git rev-parse --symbolic-full-name master@{u}
error: No upstream configured for branch 'master'
error: No upstream configured for branch 'master'
fatal: ambiguous argument 'master@{u}': unknown revision or path not in the working tree.
Use '--' to separate paths from revisions, like this:
'git <command> [<revision>...] -- [<file>...]'
> git for-each-ref --format %(refname) %(objectname) --sort -committerdate
> git remote --verbose
> git config --get commit.template
> git status -z -u
> git symbolic-ref --short HEAD
> git rev-parse master
> git rev-parse --symbolic-full-name master@{u}
error: No upstream configured for branch 'master'
error: No upstream configured for branch 'master'
fatal: ambiguous argument 'master@{u}': unknown revision or path not in the working tree.
Use '--' to separate paths from revisions, like this:
'git <command> [<revision>...] -- [<file>...]'
> git for-each-ref --format %(refname) %(objectname) --sort -committerdate
> git remote --verbose
> git config --get commit.template
> git status -z -u
> git symbolic-ref --short HEAD
> git rev-parse master
> git rev-parse --symbolic-full-name master@{u}
error: No upstream configured for branch 'master'
error: No upstream configured for branch 'master'
fatal: ambiguous argument 'master@{u}': unknown revision or path not in the working tree.
Use '--' to separate paths from revisions, like this:
'git <command> [<revision>...] -- [<file>...]'
> git for-each-ref --format %(refname) %(objectname) --sort -committerdate
> git remote --verbose
> git config --get commit.template
> git show :lab0/csc501-lab0/sys/printsegaddress.c
> git status -z -u
> git symbolic-ref --short HEAD
> git rev-parse master
> git rev-parse --symbolic-full-name master@{u}
error: No upstream configured for branch 'master'
error: No upstream configured for branch 'master'
fatal: ambiguous argument 'master@{u}': unknown revision or path not in the working tree.
Use '--' to separate paths from revisions, like this:
'git <command> [<revision>...] -- [<file>...]'
> git for-each-ref --format %(refname) %(objectname) --sort -committerdate
> git remote --verbose
> git config --get commit.template
> git status -z -u
> git symbolic-ref --short HEAD
> git rev-parse master
> git rev-parse --symbolic-full-name master@{u}
error: No upstream configured for branch 'master'
error: No upstream configured for branch 'master'
fatal: ambiguous argument 'master@{u}': unknown revision or path not in the working tree.
Use '--' to separate paths from revisions, like this:
'git <command> [<revision>...] -- [<file>...]'
> git for-each-ref --format %(refname) %(objectname) --sort -committerdate
> git remote --verbose
> git config --get commit.template
> git status -z -u
> git symbolic-ref --short HEAD
> git rev-parse master
> git rev-parse --symbolic-full-name master@{u}
error: No upstream configured for branch 'master'
error: No upstream configured for branch 'master'
fatal: ambiguous argument 'master@{u}': unknown revision or path not in the working tree.
Use '--' to separate paths from revisions, like this:
'git <command> [<revision>...] -- [<file>...]'
> git for-each-ref --format %(refname) %(objectname) --sort -committerdate
> git remote --verbose
> git config --get commit.template
> git status -z -u
> git symbolic-ref --short HEAD
> git rev-parse master
> git rev-parse --symbolic-full-name master@{u}
error: No upstream configured for branch 'master'
error: No upstream configured for branch 'master'
fatal: ambiguous argument 'master@{u}': unknown revision or path not in the working tree.
Use '--' to separate paths from revisions, like this:
'git <command> [<revision>...] -- [<file>...]'
> git for-each-ref --format %(refname) %(objectname) --sort -committerdate
> git remote --verbose
> git config --get commit.template
> git show :lab0/csc501-lab0/sys/printsegaddress.c
> git status -z -u
> git symbolic-ref --short HEAD
> git rev-parse master
> git rev-parse --symbolic-full-name master@{u}
error: No upstream configured for branch 'master'
error: No upstream configured for branch 'master'
fatal: ambiguous argument 'master@{u}': unknown revision or path not in the working tree.
Use '--' to separate paths from revisions, like this:
'git <command> [<revision>...] -- [<file>...]'
> git for-each-ref --format %(refname) %(objectname) --sort -committerdate
> git remote --verbose
> git config --get commit.template
> git status -z -u
> git symbolic-ref --short HEAD
> git rev-parse master
> git rev-parse --symbolic-full-name master@{u}
error: No upstream configured for branch 'master'
error: No upstream configured for branch 'master'
fatal: ambiguous argument 'master@{u}': unknown revision or path not in the working tree.
Use '--' to separate paths from revisions, like this:
'git <command> [<revision>...] -- [<file>...]'
> git for-each-ref --format %(refname) %(objectname) --sort -committerdate
> git remote --verbose
> git config --get commit.template
> git status -z -u
> git symbolic-ref --short HEAD
> git rev-parse master
> git rev-parse --symbolic-full-name master@{u}
error: No upstream configured for branch 'master'
error: No upstream configured for branch 'master'
fatal: ambiguous argument 'master@{u}': unknown revision or path not in the working tree.
Use '--' to separate paths from revisions, like this:
'git <command> [<revision>...] -- [<file>...]'
> git for-each-ref --format %(refname) %(objectname) --sort -committerdate
> git remote --verbose
> git config --get commit.template
> git status -z -u
> git symbolic-ref --short HEAD
> git rev-parse master
> git rev-parse --symbolic-full-name master@{u}
error: No upstream configured for branch 'master'
error: No upstream configured for branch 'master'
fatal: ambiguous argument 'master@{u}': unknown revision or path not in the working tree.
Use '--' to separate paths from revisions, like this:
'git <command> [<revision>...] -- [<file>...]'
> git for-each-ref --format %(refname) %(objectname) --sort -committerdate
> git remote --verbose
> git config --get commit.template
> git show :lab0/csc501-lab0/sys/printsegaddress.c
> git status -z -u
> git symbolic-ref --short HEAD
> git rev-parse master
> git rev-parse --symbolic-full-name master@{u}
error: No upstream configured for branch 'master'
error: No upstream configured for branch 'master'
fatal: ambiguous argument 'master@{u}': unknown revision or path not in the working tree.
Use '--' to separate paths from revisions, like this:
'git <command> [<revision>...] -- [<file>...]'
> git for-each-ref --format %(refname) %(objectname) --sort -committerdate
> git remote --verbose
> git config --get commit.template
> git show :lab0/csc501-lab0/sys/printsegaddress.c
> git status -z -u
> git symbolic-ref --short HEAD
> git rev-parse master
> git rev-parse --symbolic-full-name master@{u}
error: No upstream configured for branch 'master'
error: No upstream configured for branch 'master'
fatal: ambiguous argument 'master@{u}': unknown revision or path not in the working tree.
Use '--' to separate paths from revisions, like this:
'git <command> [<revision>...] -- [<file>...]'
> git for-each-ref --format %(refname) %(objectname) --sort -committerdate
> git remote --verbose
> git config --get commit.template
> git status -z -u
> git symbolic-ref --short HEAD
> git rev-parse master
> git rev-parse --symbolic-full-name master@{u}
error: No upstream configured for branch 'master'
error: No upstream configured for branch 'master'
fatal: ambiguous argument 'master@{u}': unknown revision or path not in the working tree.
Use '--' to separate paths from revisions, like this:
'git <command> [<revision>...] -- [<file>...]'
> git for-each-ref --format %(refname) %(objectname) --sort -committerdate
> git remote --verbose
> git config --get commit.template
> git check-ignore -v -z --stdin
> git check-ignore -v -z --stdin
> git check-ignore -v -z --stdin
> git show :lab0/csc501-lab0/TMP/printtos.c
> git show :lab0/csc501-lab0/sys/printsegaddress.c
> git status -z -u
> git symbolic-ref --short HEAD
> git rev-parse master
> git rev-parse --symbolic-full-name master@{u}
error: No upstream configured for branch 'master'
error: No upstream configured for branch 'master'
fatal: ambiguous argument 'master@{u}': unknown revision or path not in the working tree.
Use '--' to separate paths from revisions, like this:
'git <command> [<revision>...] -- [<file>...]'
> git for-each-ref --format %(refname) %(objectname) --sort -committerdate
> git remote --verbose
> git config --get commit.template
> git show :lab0/csc501-lab0/TMP/printsegaddress.c
> git status -z -u
> git symbolic-ref --short HEAD
> git rev-parse master
> git rev-parse --symbolic-full-name master@{u}
error: No upstream configured for branch 'master'
error: No upstream configured for branch 'master'
fatal: ambiguous argument 'master@{u}': unknown revision or path not in the working tree.
Use '--' to separate paths from revisions, like this:
'git <command> [<revision>...] -- [<file>...]'
> git for-each-ref --format %(refname) %(objectname) --sort -committerdate
> git remote --verbose
> git config --get commit.template
> git show :lab0/csc501-lab0/sys/printsegaddress.c
> git show :lab0/csc501-lab0/TMP/printsegaddress.c
> git show :lab0/csc501-lab0/sys/printtos.c
> git status -z -u
> git symbolic-ref --short HEAD
> git rev-parse master
> git rev-parse --symbolic-full-name master@{u}
error: No upstream configured for branch 'master'
error: No upstream configured for branch 'master'
fatal: ambiguous argument 'master@{u}': unknown revision or path not in the working tree.
Use '--' to separate paths from revisions, like this:
'git <command> [<revision>...] -- [<file>...]'
> git for-each-ref --format %(refname) %(objectname) --sort -committerdate
> git remote --verbose
> git config --get commit.template
> git status -z -u
> git symbolic-ref --short HEAD
> git rev-parse master
> git rev-parse --symbolic-full-name master@{u}
error: No upstream configured for branch 'master'
error: No upstream configured for branch 'master'
fatal: ambiguous argument 'master@{u}': unknown revision or path not in the working tree.
Use '--' to separate paths from revisions, like this:
'git <command> [<revision>...] -- [<file>...]'
> git for-each-ref --format %(refname) %(objectname) --sort -committerdate
> git remote --verbose
> git config --get commit.template
> git status -z -u
> git symbolic-ref --short HEAD
> git rev-parse master
> git rev-parse --symbolic-full-name master@{u}
error: No upstream configured for branch 'master'
error: No upstream configured for branch 'master'
fatal: ambiguous argument 'master@{u}': unknown revision or path not in the working tree.
Use '--' to separate paths from revisions, like this:
'git <command> [<revision>...] -- [<file>...]'
> git for-each-ref --format %(refname) %(objectname) --sort -committerdate
> git remote --verbose
> git config --get commit.template
> git status -z -u
> git symbolic-ref --short HEAD
> git rev-parse master
> git rev-parse --symbolic-full-name master@{u}
error: No upstream configured for branch 'master'
error: No upstream configured for branch 'master'
fatal: ambiguous argument 'master@{u}': unknown revision or path not in the working tree.
Use '--' to separate paths from revisions, like this:
'git <command> [<revision>...] -- [<file>...]'
> git for-each-ref --format %(refname) %(objectname) --sort -committerdate
> git remote --verbose
> git config --get commit.template
> git status -z -u
> git symbolic-ref --short HEAD
> git rev-parse master
> git rev-parse --symbolic-full-name master@{u}
error: No upstream configured for branch 'master'
error: No upstream configured for branch 'master'
fatal: ambiguous argument 'master@{u}': unknown revision or path not in the working tree.
Use '--' to separate paths from revisions, like this:
'git <command> [<revision>...] -- [<file>...]'
> git for-each-ref --format %(refname) %(objectname) --sort -committerdate
> git remote --verbose
> git config --get commit.template
> git status -z -u
> git symbolic-ref --short HEAD
> git rev-parse master
> git rev-parse --symbolic-full-name master@{u}
error: No upstream configured for branch 'master'
error: No upstream configured for branch 'master'
fatal: ambiguous argument 'master@{u}': unknown revision or path not in the working tree.
Use '--' to separate paths from revisions, like this:
'git <command> [<revision>...] -- [<file>...]'
> git for-each-ref --format %(refname) %(objectname) --sort -committerdate
> git remote --verbose
> git config --get commit.template
> git status -z -u
> git symbolic-ref --short HEAD
> git rev-parse master
> git rev-parse --symbolic-full-name master@{u}
error: No upstream configured for branch 'master'
error: No upstream configured for branch 'master'
fatal: ambiguous argument 'master@{u}': unknown revision or path not in the working tree.
Use '--' to separate paths from revisions, like this:
'git <command> [<revision>...] -- [<file>...]'
> git for-each-ref --format %(refname) %(objectname) --sort -committerdate
> git remote --verbose
> git config --get commit.template
> git show :lab0/csc501-lab0/sys/printtos.c
> git status -z -u
> git symbolic-ref --short HEAD
> git rev-parse master
> git rev-parse --symbolic-full-name master@{u}
error: No upstream configured for branch 'master'
error: No upstream configured for branch 'master'
fatal: ambiguous argument 'master@{u}': unknown revision or path not in the working tree.
Use '--' to separate paths from revisions, like this:
'git <command> [<revision>...] -- [<file>...]'
> git for-each-ref --format %(refname) %(objectname) --sort -committerdate
> git remote --verbose
> git config --get commit.template
> git show :lab0/csc501-lab0/sys/printtos.c
> git status -z -u
> git symbolic-ref --short HEAD
> git rev-parse master
> git rev-parse --symbolic-full-name master@{u}
error: No upstream configured for branch 'master'
error: No upstream configured for branch 'master'
fatal: ambiguous argument 'master@{u}': unknown revision or path not in the working tree.
Use '--' to separate paths from revisions, like this:
'git <command> [<revision>...] -- [<file>...]'
> git for-each-ref --format %(refname) %(objectname) --sort -committerdate
> git remote --verbose
> git config --get commit.template
> git check-ignore -v -z --stdin
> git show :lab0/csc501-lab0/h/proc.h
> git show :lab0/csc501-lab0/sys/printtos.c
> git show :lab0/csc501-lab0/h/proc.h
> git show :lab0/csc501-lab0/sys/printtos.c
> git show :lab0/csc501-lab0/h/proc.h
> git show :lab0/csc501-lab0/sys/printtos.c
> git status -z -u
> git symbolic-ref --short HEAD
> git rev-parse master
> git rev-parse --symbolic-full-name master@{u}
error: No upstream configured for branch 'master'
error: No upstream configured for branch 'master'
fatal: ambiguous argument 'master@{u}': unknown revision or path not in the working tree.
Use '--' to separate paths from revisions, like this:
'git <command> [<revision>...] -- [<file>...]'
> git for-each-ref --format %(refname) %(objectname) --sort -committerdate
> git remote --verbose
> git config --get commit.template
> git status -z -u
> git symbolic-ref --short HEAD
> git rev-parse master
> git rev-parse --symbolic-full-name master@{u}
error: No upstream configured for branch 'master'
error: No upstream configured for branch 'master'
fatal: ambiguous argument 'master@{u}': unknown revision or path not in the working tree.
Use '--' to separate paths from revisions, like this:
'git <command> [<revision>...] -- [<file>...]'
> git for-each-ref --format %(refname) %(objectname) --sort -committerdate
> git remote --verbose
> git config --get commit.template
> git status -z -u
> git symbolic-ref --short HEAD
> git rev-parse master
> git rev-parse --symbolic-full-name master@{u}
error: No upstream configured for branch 'master'
error: No upstream configured for branch 'master'
fatal: ambiguous argument 'master@{u}': unknown revision or path not in the working tree.
Use '--' to separate paths from revisions, like this:
'git <command> [<revision>...] -- [<file>...]'
> git for-each-ref --format %(refname) %(objectname) --sort -committerdate
> git remote --verbose
> git config --get commit.template
> git status -z -u
> git symbolic-ref --short HEAD
> git rev-parse master
> git rev-parse --symbolic-full-name master@{u}
error: No upstream configured for branch 'master'
error: No upstream configured for branch 'master'
fatal: ambiguous argument 'master@{u}': unknown revision or path not in the working tree.
Use '--' to separate paths from revisions, like this:
'git <command> [<revision>...] -- [<file>...]'
> git for-each-ref --format %(refname) %(objectname) --sort -committerdate
> git remote --verbose
> git config --get commit.template
> git status -z -u
> git symbolic-ref --short HEAD
> git rev-parse master
> git rev-parse --symbolic-full-name master@{u}
error: No upstream configured for branch 'master'
error: No upstream configured for branch 'master'
fatal: ambiguous argument 'master@{u}': unknown revision or path not in the working tree.
Use '--' to separate paths from revisions, like this:
'git <command> [<revision>...] -- [<file>...]'
> git for-each-ref --format %(refname) %(objectname) --sort -committerdate
> git remote --verbose
> git config --get commit.template
> git status -z -u
> git symbolic-ref --short HEAD
> git rev-parse master
> git rev-parse --symbolic-full-name master@{u}
error: No upstream configured for branch 'master'
error: No upstream configured for branch 'master'
fatal: ambiguous argument 'master@{u}': unknown revision or path not in the working tree.
Use '--' to separate paths from revisions, like this:
'git <command> [<revision>...] -- [<file>...]'
> git for-each-ref --format %(refname) %(objectname) --sort -committerdate
> git remote --verbose
> git config --get commit.template
> git status -z -u
> git symbolic-ref --short HEAD
> git rev-parse master
> git rev-parse --symbolic-full-name master@{u}
error: No upstream configured for branch 'master'
error: No upstream configured for branch 'master'
fatal: ambiguous argument 'master@{u}': unknown revision or path not in the working tree.
Use '--' to separate paths from revisions, like this:
'git <command> [<revision>...] -- [<file>...]'
> git for-each-ref --format %(refname) %(objectname) --sort -committerdate
> git remote --verbose
> git config --get commit.template
> git status -z -u
> git symbolic-ref --short HEAD
> git rev-parse master
> git rev-parse --symbolic-full-name master@{u}
error: No upstream configured for branch 'master'
error: No upstream configured for branch 'master'
fatal: ambiguous argument 'master@{u}': unknown revision or path not in the working tree.
Use '--' to separate paths from revisions, like this:
'git <command> [<revision>...] -- [<file>...]'
> git for-each-ref --format %(refname) %(objectname) --sort -committerdate
> git remote --verbose
> git config --get commit.template
> git show :lab0/csc501-lab0/sys/printtos.c
> git status -z -u
> git symbolic-ref --short HEAD
> git rev-parse master
> git rev-parse --symbolic-full-name master@{u}
error: No upstream configured for branch 'master'
error: No upstream configured for branch 'master'
fatal: ambiguous argument 'master@{u}': unknown revision or path not in the working tree.
Use '--' to separate paths from revisions, like this:
'git <command> [<revision>...] -- [<file>...]'
> git for-each-ref --format %(refname) %(objectname) --sort -committerdate
> git remote --verbose
> git config --get commit.template
> git show :lab0/csc501-lab0/sys/printtos.c
> git status -z -u
> git symbolic-ref --short HEAD
> git rev-parse master
> git rev-parse --symbolic-full-name master@{u}
error: No upstream configured for branch 'master'
error: No upstream configured for branch 'master'
fatal: ambiguous argument 'master@{u}': unknown revision or path not in the working tree.
Use '--' to separate paths from revisions, like this:
'git <command> [<revision>...] -- [<file>...]'
> git for-each-ref --format %(refname) %(objectname) --sort -committerdate
> git remote --verbose
> git config --get commit.template
> git show :lab0/csc501-lab0/sys/printprocstks.c
> git show :lab0/csc501-lab0/sys/printtos.c
> git status -z -u
> git symbolic-ref --short HEAD
> git rev-parse master
> git rev-parse --symbolic-full-name master@{u}
error: No upstream configured for branch 'master'
error: No upstream configured for branch 'master'
fatal: ambiguous argument 'master@{u}': unknown revision or path not in the working tree.
Use '--' to separate paths from revisions, like this:
'git <command> [<revision>...] -- [<file>...]'
> git for-each-ref --format %(refname) %(objectname) --sort -committerdate
> git remote --verbose
> git config --get commit.template
> git status -z -u
> git symbolic-ref --short HEAD
> git rev-parse master
> git rev-parse --symbolic-full-name master@{u}
error: No upstream configured for branch 'master'
error: No upstream configured for branch 'master'
fatal: ambiguous argument 'master@{u}': unknown revision or path not in the working tree.
Use '--' to separate paths from revisions, like this:
'git <command> [<revision>...] -- [<file>...]'
> git for-each-ref --format %(refname) %(objectname) --sort -committerdate
> git remote --verbose
> git config --get commit.template
> git show :lab0/csc501-lab0/sys/printtos.c
> git status -z -u
> git symbolic-ref --short HEAD
> git rev-parse master
> git rev-parse --symbolic-full-name master@{u}
error: No upstream configured for branch 'master'
error: No upstream configured for branch 'master'
fatal: ambiguous argument 'master@{u}': unknown revision or path not in the working tree.
Use '--' to separate paths from revisions, like this:
'git <command> [<revision>...] -- [<file>...]'
> git for-each-ref --format %(refname) %(objectname) --sort -committerdate
> git remote --verbose
> git config --get commit.template
> git show :lab0/csc501-lab0/sys/stacktrace.c
> git show :lab0/csc501-lab0/sys/printtos.c
> git status -z -u
> git symbolic-ref --short HEAD
> git rev-parse master
> git rev-parse --symbolic-full-name master@{u}
error: No upstream configured for branch 'master'
error: No upstream configured for branch 'master'
fatal: ambiguous argument 'master@{u}': unknown revision or path not in the working tree.
Use '--' to separate paths from revisions, like this:
'git <command> [<revision>...] -- [<file>...]'
> git for-each-ref --format %(refname) %(objectname) --sort -committerdate
> git remote --verbose
> git config --get commit.template
> git status -z -u
> git symbolic-ref --short HEAD
> git rev-parse master
> git rev-parse --symbolic-full-name master@{u}
error: No upstream configured for branch 'master'
error: No upstream configured for branch 'master'
fatal: ambiguous argument 'master@{u}': unknown revision or path not in the working tree.
Use '--' to separate paths from revisions, like this:
'git <command> [<revision>...] -- [<file>...]'
> git for-each-ref --format %(refname) %(objectname) --sort -committerdate
> git remote --verbose
> git config --get commit.template
> git show :lab0/csc501-lab0/sys/printtos.c
> git status -z -u
> git symbolic-ref --short HEAD
> git rev-parse master
> git rev-parse --symbolic-full-name master@{u}
error: No upstream configured for branch 'master'
error: No upstream configured for branch 'master'
fatal: ambiguous argument 'master@{u}': unknown revision or path not in the working tree.
Use '--' to separate paths from revisions, like this:
'git <command> [<revision>...] -- [<file>...]'
> git for-each-ref --format %(refname) %(objectname) --sort -committerdate
> git remote --verbose
> git config --get commit.template
> git show :lab0/csc501-lab0/sys/stacktrace.c
> git show :lab0/csc501-lab0/sys/printtos.c
> git status -z -u
> git symbolic-ref --short HEAD
> git rev-parse master
> git rev-parse --symbolic-full-name master@{u}
error: No upstream configured for branch 'master'
error: No upstream configured for branch 'master'
fatal: ambiguous argument 'master@{u}': unknown revision or path not in the working tree.
Use '--' to separate paths from revisions, like this:
'git <command> [<revision>...] -- [<file>...]'
> git for-each-ref --format %(refname) %(objectname) --sort -committerdate
> git remote --verbose
> git config --get commit.template
> git status -z -u
> git symbolic-ref --short HEAD
> git rev-parse master
> git rev-parse --symbolic-full-name master@{u}
error: No upstream configured for branch 'master'
error: No upstream configured for branch 'master'
fatal: ambiguous argument 'master@{u}': unknown revision or path not in the working tree.
Use '--' to separate paths from revisions, like this:
'git <command> [<revision>...] -- [<file>...]'
> git for-each-ref --format %(refname) %(objectname) --sort -committerdate
> git remote --verbose
> git config --get commit.template
> git status -z -u
> git symbolic-ref --short HEAD
> git rev-parse master
> git rev-parse --symbolic-full-name master@{u}
error: No upstream configured for branch 'master'
error: No upstream configured for branch 'master'
fatal: ambiguous argument 'master@{u}': unknown revision or path not in the working tree.
Use '--' to separate paths from revisions, like this:
'git <command> [<revision>...] -- [<file>...]'
> git for-each-ref --format %(refname) %(objectname) --sort -committerdate
> git remote --verbose
> git config --get commit.template
> git show :lab0/csc501-lab0/sys/printtos.c
> git show :lab0/csc501-lab0/sys/stacktrace.c
> git status -z -u
> git symbolic-ref --short HEAD
> git rev-parse master
> git rev-parse --symbolic-full-name master@{u}
error: No upstream configured for branch 'master'
error: No upstream configured for branch 'master'
fatal: ambiguous argument 'master@{u}': unknown revision or path not in the working tree.
Use '--' to separate paths from revisions, like this:
'git <command> [<revision>...] -- [<file>...]'
> git for-each-ref --format %(refname) %(objectname) --sort -committerdate
> git remote --verbose
> git config --get commit.template
> git status -z -u
> git symbolic-ref --short HEAD
> git rev-parse master
> git rev-parse --symbolic-full-name master@{u}
error: No upstream configured for branch 'master'
error: No upstream configured for branch 'master'
fatal: ambiguous argument 'master@{u}': unknown revision or path not in the working tree.
Use '--' to separate paths from revisions, like this:
'git <command> [<revision>...] -- [<file>...]'
> git for-each-ref --format %(refname) %(objectname) --sort -committerdate
> git remote --verbose
> git config --get commit.template
> git status -z -u
> git symbolic-ref --short HEAD
> git rev-parse master
> git rev-parse --symbolic-full-name master@{u}
error: No upstream configured for branch 'master'
error: No upstream configured for branch 'master'
fatal: ambiguous argument 'master@{u}': unknown revision or path not in the working tree.
Use '--' to separate paths from revisions, like this:
'git <command> [<revision>...] -- [<file>...]'
> git for-each-ref --format %(refname) %(objectname) --sort -committerdate
> git remote --verbose
> git config --get commit.template
> git status -z -u
> git symbolic-ref --short HEAD
> git rev-parse master
> git rev-parse --symbolic-full-name master@{u}
error: No upstream configured for branch 'master'
error: No upstream configured for branch 'master'
fatal: ambiguous argument 'master@{u}': unknown revision or path not in the working tree.
Use '--' to separate paths from revisions, like this:
'git <command> [<revision>...] -- [<file>...]'
> git for-each-ref --format %(refname) %(objectname) --sort -committerdate
> git remote --verbose
> git config --get commit.template
> git show :lab0/csc501-lab0/sys/printtos.c
> git show :lab0/csc501-lab0/sys/stacktrace.c
> git status -z -u
> git symbolic-ref --short HEAD
> git rev-parse master
> git rev-parse --symbolic-full-name master@{u}
error: No upstream configured for branch 'master'
error: No upstream configured for branch 'master'
fatal: ambiguous argument 'master@{u}': unknown revision or path not in the working tree.
Use '--' to separate paths from revisions, like this:
'git <command> [<revision>...] -- [<file>...]'
> git for-each-ref --format %(refname) %(objectname) --sort -committerdate
> git remote --verbose
> git config --get commit.template
> git status -z -u
> git symbolic-ref --short HEAD
> git rev-parse master
> git rev-parse --symbolic-full-name master@{u}
error: No upstream configured for branch 'master'
error: No upstream configured for branch 'master'
fatal: ambiguous argument 'master@{u}': unknown revision or path not in the working tree.
Use '--' to separate paths from revisions, like this:
'git <command> [<revision>...] -- [<file>...]'
> git for-each-ref --format %(refname) %(objectname) --sort -committerdate
> git remote --verbose
> git config --get commit.template
> git status -z -u
> git symbolic-ref --short HEAD
> git rev-parse master
> git rev-parse --symbolic-full-name master@{u}
error: No upstream configured for branch 'master'
error: No upstream configured for branch 'master'
fatal: ambiguous argument 'master@{u}': unknown revision or path not in the working tree.
Use '--' to separate paths from revisions, like this:
'git <command> [<revision>...] -- [<file>...]'
> git for-each-ref --format %(refname) %(objectname) --sort -committerdate
> git remote --verbose
> git config --get commit.template
> git status -z -u
> git symbolic-ref --short HEAD
> git rev-parse master
> git rev-parse --symbolic-full-name master@{u}
error: No upstream configured for branch 'master'
error: No upstream configured for branch 'master'
fatal: ambiguous argument 'master@{u}': unknown revision or path not in the working tree.
Use '--' to separate paths from revisions, like this:
'git <command> [<revision>...] -- [<file>...]'
> git for-each-ref --format %(refname) %(objectname) --sort -committerdate
> git remote --verbose
> git config --get commit.template
> git status -z -u
> git symbolic-ref --short HEAD
> git rev-parse master
> git rev-parse --symbolic-full-name master@{u}
error: No upstream configured for branch 'master'
error: No upstream configured for branch 'master'
fatal: ambiguous argument 'master@{u}': unknown revision or path not in the working tree.
Use '--' to separate paths from revisions, like this:
'git <command> [<revision>...] -- [<file>...]'
> git for-each-ref --format %(refname) %(objectname) --sort -committerdate
> git remote --verbose
> git config --get commit.template
> git status -z -u
> git symbolic-ref --short HEAD
> git rev-parse master
> git rev-parse --symbolic-full-name master@{u}
error: No upstream configured for branch 'master'
error: No upstream configured for branch 'master'
fatal: ambiguous argument 'master@{u}': unknown revision or path not in the working tree.
Use '--' to separate paths from revisions, like this:
'git <command> [<revision>...] -- [<file>...]'
> git for-each-ref --format %(refname) %(objectname) --sort -committerdate
> git remote --verbose
> git config --get commit.template
> git show :lab0/csc501-lab0/sys/printtos.c
> git status -z -u
> git symbolic-ref --short HEAD
> git rev-parse master
> git rev-parse --symbolic-full-name master@{u}
error: No upstream configured for branch 'master'
error: No upstream configured for branch 'master'
fatal: ambiguous argument 'master@{u}': unknown revision or path not in the working tree.
Use '--' to separate paths from revisions, like this:
'git <command> [<revision>...] -- [<file>...]'
> git for-each-ref --format %(refname) %(objectname) --sort -committerdate
> git remote --verbose
> git config --get commit.template
> git show :lab0/csc501-lab0/sys/printprocstks.c
> git status -z -u
> git symbolic-ref --short HEAD
> git rev-parse master
> git rev-parse --symbolic-full-name master@{u}
error: No upstream configured for branch 'master'
error: No upstream configured for branch 'master'
fatal: ambiguous argument 'master@{u}': unknown revision or path not in the working tree.
Use '--' to separate paths from revisions, like this:
'git <command> [<revision>...] -- [<file>...]'
> git for-each-ref --format %(refname) %(objectname) --sort -committerdate
> git remote --verbose
> git config --get commit.template
> git show :lab0/csc501-lab0/h/proc.h
> git show :lab0/csc501-lab0/sys/printprocstks.c
> git status -z -u
> git symbolic-ref --short HEAD
> git rev-parse master
> git rev-parse --symbolic-full-name master@{u}
error: No upstream configured for branch 'master'
error: No upstream configured for branch 'master'
fatal: ambiguous argument 'master@{u}': unknown revision or path not in the working tree.
Use '--' to separate paths from revisions, like this:
'git <command> [<revision>...] -- [<file>...]'
> git for-each-ref --format %(refname) %(objectname) --sort -committerdate
> git remote --verbose
> git config --get commit.template
> git show :lab0/csc501-lab0/h/proc.h
> git show :lab0/csc501-lab0/sys/printprocstks.c
> git status -z -u
> git symbolic-ref --short HEAD
> git rev-parse master
> git rev-parse --symbolic-full-name master@{u}
error: No upstream configured for branch 'master'
error: No upstream configured for branch 'master'
fatal: ambiguous argument 'master@{u}': unknown revision or path not in the working tree.
Use '--' to separate paths from revisions, like this:
'git <command> [<revision>...] -- [<file>...]'
> git for-each-ref --format %(refname) %(objectname) --sort -committerdate
> git remote --verbose
> git config --get commit.template
> git status -z -u
> git symbolic-ref --short HEAD
> git rev-parse master
> git rev-parse --symbolic-full-name master@{u}
error: No upstream configured for branch 'master'
error: No upstream configured for branch 'master'
fatal: ambiguous argument 'master@{u}': unknown revision or path not in the working tree.
Use '--' to separate paths from revisions, like this:
'git <command> [<revision>...] -- [<file>...]'
> git for-each-ref --format %(refname) %(objectname) --sort -committerdate
> git remote --verbose
> git config --get commit.template
> git status -z -u
> git symbolic-ref --short HEAD
> git rev-parse master
> git rev-parse --symbolic-full-name master@{u}
error: No upstream configured for branch 'master'
error: No upstream configured for branch 'master'
fatal: ambiguous argument 'master@{u}': unknown revision or path not in the working tree.
Use '--' to separate paths from revisions, like this:
'git <command> [<revision>...] -- [<file>...]'
> git for-each-ref --format %(refname) %(objectname) --sort -committerdate
> git remote --verbose
> git config --get commit.template
> git show :lab0/csc501-lab0/sys/printprocstks.c
> git status -z -u
> git symbolic-ref --short HEAD
> git rev-parse master
> git rev-parse --symbolic-full-name master@{u}
error: No upstream configured for branch 'master'
error: No upstream configured for branch 'master'
fatal: ambiguous argument 'master@{u}': unknown revision or path not in the working tree.
Use '--' to separate paths from revisions, like this:
'git <command> [<revision>...] -- [<file>...]'
> git for-each-ref --format %(refname) %(objectname) --sort -committerdate
> git remote --verbose
> git config --get commit.template
> git show :lab0/csc501-lab0/h/proc.h
> git show :lab0/csc501-lab0/sys/printprocstks.c
> git show :lab0/csc501-lab0/h/proc.h
> git show :lab0/csc501-lab0/sys/printprocstks.c
> git show :lab0/csc501-lab0/h/proc.h
> git show :lab0/csc501-lab0/sys/printprocstks.c
> git status -z -u
> git symbolic-ref --short HEAD
> git rev-parse master
> git rev-parse --symbolic-full-name master@{u}
error: No upstream configured for branch 'master'
error: No upstream configured for branch 'master'
fatal: ambiguous argument 'master@{u}': unknown revision or path not in the working tree.
Use '--' to separate paths from revisions, like this:
'git <command> [<revision>...] -- [<file>...]'
> git for-each-ref --format %(refname) %(objectname) --sort -committerdate
> git remote --verbose
> git config --get commit.template
> git show :lab0/csc501-lab0/sys/printsyscallsummary.c
> git status -z -u
> git symbolic-ref --short HEAD
> git rev-parse master
> git rev-parse --symbolic-full-name master@{u}
error: No upstream configured for branch 'master'
error: No upstream configured for branch 'master'
fatal: ambiguous argument 'master@{u}': unknown revision or path not in the working tree.
Use '--' to separate paths from revisions, like this:
'git <command> [<revision>...] -- [<file>...]'
> git for-each-ref --format %(refname) %(objectname) --sort -committerdate
> git remote --verbose
> git config --get commit.template
> git status -z -u
> git symbolic-ref --short HEAD
> git rev-parse master
> git rev-parse --symbolic-full-name master@{u}
error: No upstream configured for branch 'master'
error: No upstream configured for branch 'master'
fatal: ambiguous argument 'master@{u}': unknown revision or path not in the working tree.
Use '--' to separate paths from revisions, like this:
'git <command> [<revision>...] -- [<file>...]'
> git for-each-ref --format %(refname) %(objectname) --sort -committerdate
> git remote --verbose
> git config --get commit.template
> git show :lab0/csc501-lab0/sys/printsyscallsummary.c
> git status -z -u
> git symbolic-ref --short HEAD
> git rev-parse master
> git rev-parse --symbolic-full-name master@{u}
error: No upstream configured for branch 'master'
error: No upstream configured for branch 'master'
fatal: ambiguous argument 'master@{u}': unknown revision or path not in the working tree.
Use '--' to separate paths from revisions, like this:
'git <command> [<revision>...] -- [<file>...]'
> git for-each-ref --format %(refname) %(objectname) --sort -committerdate
> git remote --verbose
> git config --get commit.template
> git show :lab0/csc501-lab0/sys/printprocstks.c
> git status -z -u
> git symbolic-ref --short HEAD
> git rev-parse master
> git rev-parse --symbolic-full-name master@{u}
error: No upstream configured for branch 'master'
error: No upstream configured for branch 'master'
fatal: ambiguous argument 'master@{u}': unknown revision or path not in the working tree.
Use '--' to separate paths from revisions, like this:
'git <command> [<revision>...] -- [<file>...]'
> git for-each-ref --format %(refname) %(objectname) --sort -committerdate
> git remote --verbose
> git config --get commit.template
> git status -z -u
> git symbolic-ref --short HEAD
> git rev-parse master
> git rev-parse --symbolic-full-name master@{u}
error: No upstream configured for branch 'master'
error: No upstream configured for branch 'master'
fatal: ambiguous argument 'master@{u}': unknown revision or path not in the working tree.
Use '--' to separate paths from revisions, like this:
'git <command> [<revision>...] -- [<file>...]'
> git for-each-ref --format %(refname) %(objectname) --sort -committerdate
> git remote --verbose
> git config --get commit.template
> git show :lab0/csc501-lab0/sys/printprocstks.c
> git status -z -u
> git symbolic-ref --short HEAD
> git rev-parse master
> git rev-parse --symbolic-full-name master@{u}
error: No upstream configured for branch 'master'
error: No upstream configured for branch 'master'
fatal: ambiguous argument 'master@{u}': unknown revision or path not in the working tree.
Use '--' to separate paths from revisions, like this:
'git <command> [<revision>...] -- [<file>...]'
> git for-each-ref --format %(refname) %(objectname) --sort -committerdate
> git remote --verbose
> git config --get commit.template
> git check-ignore -v -z --stdin
> git add -A -- .
> git commit --quiet --allow-empty-message --file -
> git status -z -u
> git symbolic-ref --short HEAD
> git rev-parse master
> git rev-parse --symbolic-full-name master@{u}
error: No upstream configured for branch 'master'
error: No upstream configured for branch 'master'
fatal: ambiguous argument 'master@{u}': unknown revision or path not in the working tree.
Use '--' to separate paths from revisions, like this:
'git <command> [<revision>...] -- [<file>...]'
> git for-each-ref --format %(refname) %(objectname) --sort -committerdate
> git remote --verbose
> git config --get commit.template
> git show :lab0/csc501-lab0/sys/printprocstks.c
> git status -z -u
> git symbolic-ref --short HEAD
> git rev-parse master
> git rev-parse --symbolic-full-name master@{u}
error: No upstream configured for branch 'master'
error: No upstream configured for branch 'master'
fatal: ambiguous argument 'master@{u}': unknown revision or path not in the working tree.
Use '--' to separate paths from revisions, like this:
'git <command> [<revision>...] -- [<file>...]'
> git for-each-ref --format %(refname) %(objectname) --sort -committerdate
> git remote --verbose
> git config --get commit.template
> git show :lab0/csc501-lab0/TMP/printsegaddress.c
> git show :lab0/csc501-lab0/sys/printprocstks.c
> git status -z -u
> git symbolic-ref --short HEAD
> git rev-parse master
> git rev-parse --symbolic-full-name master@{u}
error: No upstream configured for branch 'master'
error: No upstream configured for branch 'master'
fatal: ambiguous argument 'master@{u}': unknown revision or path not in the working tree.
Use '--' to separate paths from revisions, like this:
'git <command> [<revision>...] -- [<file>...]'
> git for-each-ref --format %(refname) %(objectname) --sort -committerdate
> git remote --verbose
> git config --get commit.template
> git check-ignore -v -z --stdin
> git check-ignore -v -z --stdin
> git check-ignore -v -z --stdin
> git show :lab0/csc501-lab0/TMP/Makefile
> git check-ignore -v -z --stdin
> git status -z -u
> git symbolic-ref --short HEAD
> git rev-parse master
> git rev-parse --symbolic-full-name master@{u}
error: No upstream configured for branch 'master'
error: No upstream configured for branch 'master'
fatal: ambiguous argument 'master@{u}': unknown revision or path not in the working tree.
Use '--' to separate paths from revisions, like this:
'git <command> [<revision>...] -- [<file>...]'
> git for-each-ref --format %(refname) %(objectname) --sort -committerdate
> git remote --verbose
> git config --get commit.template
> git show :lab0/csc501-lab0/TMP/lab0.h
> git check-ignore -v -z --stdin
> git status -z -u
> git symbolic-ref --short HEAD
> git rev-parse master
> git rev-parse --symbolic-full-name master@{u}
error: No upstream configured for branch 'master'
error: No upstream configured for branch 'master'
fatal: ambiguous argument 'master@{u}': unknown revision or path not in the working tree.
Use '--' to separate paths from revisions, like this:
'git <command> [<revision>...] -- [<file>...]'
> git for-each-ref --format %(refname) %(objectname) --sort -committerdate
> git remote --verbose
> git config --get commit.template
> git show :lab0/csc501-lab0/h/kernel.h
> git show :lab0/csc501-lab0/h/proc.h
> git show :lab0/csc501-lab0/TMP/lab0.h
> git show :lab0/csc501-lab0/TMP/main.c
> git check-ignore -v -z --stdin
> git status -z -u
> git symbolic-ref --short HEAD
> git rev-parse master
> git rev-parse --symbolic-full-name master@{u}
error: No upstream configured for branch 'master'
error: No upstream configured for branch 'master'
fatal: ambiguous argument 'master@{u}': unknown revision or path not in the working tree.
Use '--' to separate paths from revisions, like this:
'git <command> [<revision>...] -- [<file>...]'
> git for-each-ref --format %(refname) %(objectname) --sort -committerdate
> git remote --verbose
> git config --get commit.template
> git show :lab0/csc501-lab0/sys/printprocstks.c
> git show :lab0/csc501-lab0/sys/printtos.c
> git check-ignore -v -z --stdin
> git status -z -u
> git symbolic-ref --short HEAD
> git rev-parse master
> git rev-parse --symbolic-full-name master@{u}
error: No upstream configured for branch 'master'
error: No upstream configured for branch 'master'
fatal: ambiguous argument 'master@{u}': unknown revision or path not in the working tree.
Use '--' to separate paths from revisions, like this:
'git <command> [<revision>...] -- [<file>...]'
> git for-each-ref --format %(refname) %(objectname) --sort -committerdate
> git remote --verbose
> git config --get commit.template
> git show :lab0/csc501-lab0/sys/printtos.c
> git status -z -u
> git symbolic-ref --short HEAD
> git rev-parse master
> git rev-parse --symbolic-full-name master@{u}
error: No upstream configured for branch 'master'
error: No upstream configured for branch 'master'
fatal: ambiguous argument 'master@{u}': unknown revision or path not in the working tree.
Use '--' to separate paths from revisions, like this:
'git <command> [<revision>...] -- [<file>...]'
> git for-each-ref --format %(refname) %(objectname) --sort -committerdate
> git remote --verbose
> git config --get commit.template
> git show :lab0/csc501-lab0/TMP/printsegaddress.c
> git show :lab0/csc501-lab0/TMP/printsyscallsummary.c
> git show :lab0/csc501-lab0/TMP/printtos.c
> git status -z -u
> git symbolic-ref --short HEAD
> git rev-parse master
> git rev-parse --symbolic-full-name master@{u}
error: No upstream configured for branch 'master'
error: No upstream configured for branch 'master'
fatal: ambiguous argument 'master@{u}': unknown revision or path not in the working tree.
Use '--' to separate paths from revisions, like this:
'git <command> [<revision>...] -- [<file>...]'
> git for-each-ref --format %(refname) %(objectname) --sort -committerdate
> git remote --verbose
> git config --get commit.template
> git check-ignore -v -z --stdin
> git show :lab0/csc501-lab0/TMP/printtos copy.c
> git show :lab0/csc501-lab0/TMP/printtos.c
> git show :lab0/csc501-lab0/TMP/printtos copy.c
> git show :lab0/csc501-lab0/TMP/printtos.c
> git show :lab0/csc501-lab0/TMP/printtos copy.c
> git show :lab0/csc501-lab0/TMP/printtos.c
> git show :lab0/csc501-lab0/TMP/printtos copy.c
> git show :lab0/csc501-lab0/TMP/printtos.c
> git show :lab0/csc501-lab0/TMP/printsyscallsummary.c
> git status -z -u
> git symbolic-ref --short HEAD
> git rev-parse master
> git rev-parse --symbolic-full-name master@{u}
error: No upstream configured for branch 'master'
error: No upstream configured for branch 'master'
fatal: ambiguous argument 'master@{u}': unknown revision or path not in the working tree.
Use '--' to separate paths from revisions, like this:
'git <command> [<revision>...] -- [<file>...]'
> git for-each-ref --format %(refname) %(objectname) --sort -committerdate
> git remote --verbose
> git config --get commit.template
> git show :lab0/csc501-lab0/sys/printtos.c
> git status -z -u
> git symbolic-ref --short HEAD
> git rev-parse master
> git rev-parse --symbolic-full-name master@{u}
error: No upstream configured for branch 'master'
error: No upstream configured for branch 'master'
fatal: ambiguous argument 'master@{u}': unknown revision or path not in the working tree.
Use '--' to separate paths from revisions, like this:
'git <command> [<revision>...] -- [<file>...]'
> git for-each-ref --format %(refname) %(objectname) --sort -committerdate
> git remote --verbose
> git config --get commit.template
> git show :lab0/csc501-lab0/sys/printsegaddress.c
> git show :lab0/csc501-lab0/sys/printsyscallsummary.c
> git show :lab0/csc501-lab0/sys/printtos.c
> git show :lab0/csc501-lab0/sys/printprocstks.c
> git show :lab0/csc501-lab0/sys/printsegaddress.c
> git status -z -u
> git symbolic-ref --short HEAD
> git rev-parse master
> git rev-parse --symbolic-full-name master@{u}
error: No upstream configured for branch 'master'
error: No upstream configured for branch 'master'
fatal: ambiguous argument 'master@{u}': unknown revision or path not in the working tree.
Use '--' to separate paths from revisions, like this:
'git <command> [<revision>...] -- [<file>...]'
> git for-each-ref --format %(refname) %(objectname) --sort -committerdate
> git remote --verbose
> git config --get commit.template
> git status -z -u
> git symbolic-ref --short HEAD
> git rev-parse master
> git rev-parse --symbolic-full-name master@{u}
error: No upstream configured for branch 'master'
error: No upstream configured for branch 'master'
fatal: ambiguous argument 'master@{u}': unknown revision or path not in the working tree.
Use '--' to separate paths from revisions, like this:
'git <command> [<revision>...] -- [<file>...]'
> git for-each-ref --format %(refname) %(objectname) --sort -committerdate
> git remote --verbose
> git config --get commit.template
> git show :lab0/csc501-lab0/sys/printsegaddress.c
> git status -z -u
> git symbolic-ref --short HEAD
> git rev-parse master
> git rev-parse --symbolic-full-name master@{u}
error: No upstream configured for branch 'master'
error: No upstream configured for branch 'master'
fatal: ambiguous argument 'master@{u}': unknown revision or path not in the working tree.
Use '--' to separate paths from revisions, like this:
'git <command> [<revision>...] -- [<file>...]'
> git for-each-ref --format %(refname) %(objectname) --sort -committerdate
> git remote --verbose
> git config --get commit.template
> git show :lab0/csc501-lab0/sys/printsegaddress.c
> git status -z -u
> git symbolic-ref --short HEAD
> git rev-parse master
> git rev-parse --symbolic-full-name master@{u}
error: No upstream configured for branch 'master'
error: No upstream configured for branch 'master'
fatal: ambiguous argument 'master@{u}': unknown revision or path not in the working tree.
Use '--' to separate paths from revisions, like this:
'git <command> [<revision>...] -- [<file>...]'
> git for-each-ref --format %(refname) %(objectname) --sort -committerdate
> git remote --verbose
> git config --get commit.template
> git show :lab0/csc501-lab0/sys/printprocstks.c
> git status -z -u
> git symbolic-ref --short HEAD
> git rev-parse master
> git rev-parse --symbolic-full-name master@{u}
error: No upstream configured for branch 'master'
error: No upstream configured for branch 'master'
fatal: ambiguous argument 'master@{u}': unknown revision or path not in the working tree.
Use '--' to separate paths from revisions, like this:
'git <command> [<revision>...] -- [<file>...]'
> git for-each-ref --format %(refname) %(objectname) --sort -committerdate
> git remote --verbose
> git config --get commit.template
> git show :lab0/csc501-lab0/sys/printprocstks.c
> git show :lab0/csc501-lab0/TMP/Makefile
> git show :lab0/csc501-lab0/TMP/main.c
> git status -z -u
> git symbolic-ref --short HEAD
> git rev-parse master
> git rev-parse --symbolic-full-name master@{u}
error: No upstream configured for branch 'master'
error: No upstream configured for branch 'master'
fatal: ambiguous argument 'master@{u}': unknown revision or path not in the working tree.
Use '--' to separate paths from revisions, like this:
'git <command> [<revision>...] -- [<file>...]'
> git for-each-ref --format %(refname) %(objectname) --sort -committerdate
> git remote --verbose
> git config --get commit.template
> git show :lab0/csc501-lab0/TMP/printsegaddress.c
> git show :lab0/csc501-lab0/TMP/main.c
> git show :lab0/csc501-lab0/TMP/printsegaddress.c
> git show :lab0/csc501-lab0/TMP/main.c
> git show :lab0/csc501-lab0/TMP/getprio.c
> git show :lab0/csc501-lab0/TMP/printsegaddress.c
> git show :lab0/csc501-lab0/TMP/printsyscallsummary.c
> git show HEAD:lab0/csc501-lab0/compile/Makefile
> git add -A -- .
