[2020-01-30 21:59:42.185] [exthost] [info] extension host started
[2020-01-30 21:59:42.599] [exthost] [info] ExtensionService#_doActivateExtension vscode.debug-auto-launch {"startup":true,"extensionId":{"value":"vscode.debug-auto-launch","_lower":"vscode.debug-auto-launch"},"activationEvent":"*"}
[2020-01-30 21:59:42.600] [exthost] [info] ExtensionService#loadCommonJSModule file:///home/wfu4/.vscode-server/bin/26076a4de974ead31f97692a0d32f90d735645c0/extensions/debug-auto-launch/dist/extension
[2020-01-30 21:59:42.607] [exthost] [info] ExtensionService#_doActivateExtension vscode.emmet {"startup":true,"extensionId":{"value":"vscode.emmet","_lower":"vscode.emmet"},"activationEvent":"*"}
[2020-01-30 21:59:42.607] [exthost] [info] ExtensionService#loadCommonJSModule file:///home/wfu4/.vscode-server/bin/26076a4de974ead31f97692a0d32f90d735645c0/extensions/emmet/dist/extension
[2020-01-30 21:59:42.647] [exthost] [info] ExtensionService#_doActivateExtension vscode.git {"startup":true,"extensionId":{"value":"vscode.git","_lower":"vscode.git"},"activationEvent":"*"}
[2020-01-30 21:59:42.647] [exthost] [info] ExtensionService#loadCommonJSModule file:///home/wfu4/.vscode-server/bin/26076a4de974ead31f97692a0d32f90d735645c0/extensions/git/dist/main
[2020-01-30 21:59:42.715] [exthost] [info] ExtensionService#_doActivateExtension vscode.merge-conflict {"startup":true,"extensionId":{"value":"vscode.merge-conflict","_lower":"vscode.merge-conflict"},"activationEvent":"*"}
[2020-01-30 21:59:42.715] [exthost] [info] ExtensionService#loadCommonJSModule file:///home/wfu4/.vscode-server/bin/26076a4de974ead31f97692a0d32f90d735645c0/extensions/merge-conflict/dist/extension
[2020-01-30 21:59:42.720] [exthost] [info] ExtensionService#_doActivateExtension vscode.search-result {"startup":true,"extensionId":{"value":"vscode.search-result","_lower":"vscode.search-result"},"activationEvent":"*"}
[2020-01-30 21:59:42.720] [exthost] [info] ExtensionService#loadCommonJSModule file:///home/wfu4/.vscode-server/bin/26076a4de974ead31f97692a0d32f90d735645c0/extensions/search-result/dist/extension.js
[2020-01-30 21:59:42.736] [exthost] [info] eager extensions activated
[2020-01-30 21:59:55.810] [exthost] [error] {"message":"Git error","stdout":"","stderr":"fatal: Could not switch to '/home/wfu4/.vscode-server/data/logs/20200109T164336/': No such file or directory\n","exitCode":128}
[2020-01-30 21:59:55.810] [exthost] [error] {"message":"Git error","stdout":"","stderr":"fatal: Could not switch to '/home/wfu4/.vscode-server/data/logs/20200109T164336/': No such file or directory\n","exitCode":128}
[2020-01-30 21:59:55.810] [exthost] [error] {"message":"Git error","stdout":"","stderr":"fatal: Could not switch to '/home/wfu4/.vscode-server/data/logs/20200109T164336/': No such file or directory\n","exitCode":128}
[2020-01-30 21:59:55.810] [exthost] [error] {"message":"Git error","stdout":"","stderr":"fatal: Could not switch to '/home/wfu4/.vscode-server/data/logs/20200109T164336/': No such file or directory\n","exitCode":128}
[2020-01-30 21:59:55.810] [exthost] [error] {"message":"Git error","stdout":"","stderr":"fatal: Could not switch to '/home/wfu4/.vscode-server/data/logs/20200109T164336/': No such file or directory\n","exitCode":128}
[2020-01-30 21:59:55.810] [exthost] [error] {"message":"Git error","stdout":"","stderr":"fatal: Could not switch to '/home/wfu4/.vscode-server/data/logs/20200109T164336/': No such file or directory\n","exitCode":128}
[2020-01-30 21:59:55.810] [exthost] [error] {"message":"Git error","stdout":"","stderr":"fatal: Could not switch to '/home/wfu4/.vscode-server/data/logs/20200109T164336/': No such file or directory\n","exitCode":128}
[2020-01-30 21:59:55.810] [exthost] [error] {"message":"Git error","stdout":"","stderr":"fatal: Could not switch to '/home/wfu4/.vscode-server/data/logs/20200109T164336/': No such file or directory\n","exitCode":128}
[2020-01-30 21:59:55.810] [exthost] [error] {"message":"Git error","stdout":"","stderr":"fatal: Could not switch to '/home/wfu4/.vscode-server/data/logs/20200109T164336/': No such file or directory\n","exitCode":128}
[2020-01-30 21:59:55.810] [exthost] [error] {"message":"Git error","stdout":"","stderr":"fatal: Could not switch to '/home/wfu4/.vscode-server/data/logs/20200109T164336/': No such file or directory\n","exitCode":128}
[2020-01-30 21:59:55.810] [exthost] [error] {"message":"Git error","stdout":"","stderr":"fatal: Could not switch to '/home/wfu4/.vscode-server/data/logs/20200109T164336/': No such file or directory\n","exitCode":128}
[2020-01-30 21:59:55.810] [exthost] [error] {"message":"Git error","stdout":"","stderr":"fatal: Could not switch to '/home/wfu4/.vscode-server/data/logs/20200109T164336/': No such file or directory\n","exitCode":128}
[2020-01-30 21:59:55.810] [exthost] [error] {"message":"Git error","stdout":"","stderr":"fatal: Could not switch to '/home/wfu4/.vscode-server/data/logs/20200109T164336/': No such file or directory\n","exitCode":128}
[2020-01-30 21:59:55.810] [exthost] [error] {"message":"Git error","stdout":"","stderr":"fatal: Could not switch to '/home/wfu4/.vscode-server/data/logs/20200109T164336/': No such file or directory\n","exitCode":128}
[2020-01-30 21:59:55.810] [exthost] [error] {"message":"Git error","stdout":"","stderr":"fatal: Could not switch to '/home/wfu4/.vscode-server/data/logs/20200109T164336/': No such file or directory\n","exitCode":128}
[2020-01-30 21:59:55.810] [exthost] [error] {"message":"Git error","stdout":"","stderr":"fatal: Could not switch to '/home/wfu4/.vscode-server/data/logs/20200109T164336/': No such file or directory\n","exitCode":128}
[2020-01-30 21:59:55.810] [exthost] [error] {"message":"Git error","stdout":"","stderr":"fatal: Could not switch to '/home/wfu4/.vscode-server/data/logs/20200109T164336/': No such file or directory\n","exitCode":128}
[2020-01-30 21:59:55.810] [exthost] [error] {"message":"Git error","stdout":"","stderr":"fatal: Could not switch to '/home/wfu4/.vscode-server/data/logs/20200109T164336/': No such file or directory\n","exitCode":128}
[2020-01-30 21:59:55.810] [exthost] [error] {"message":"Git error","stdout":"","stderr":"fatal: Could not switch to '/home/wfu4/.vscode-server/data/logs/20200109T164336/': No such file or directory\n","exitCode":128}
[2020-01-30 21:59:55.810] [exthost] [error] {"message":"Git error","stdout":"","stderr":"fatal: Could not switch to '/home/wfu4/.vscode-server/data/logs/20200109T164336/': No such file or directory\n","exitCode":128}
[2020-01-30 21:59:55.810] [exthost] [error] {"message":"Git error","stdout":"","stderr":"fatal: Could not switch to '/home/wfu4/.vscode-server/data/logs/20200109T164336/': No such file or directory\n","exitCode":128}
[2020-01-30 21:59:55.811] [exthost] [error] {"message":"Git error","stdout":"","stderr":"fatal: Could not switch to '/home/wfu4/.vscode-server/data/logs/20200109T164336/': No such file or directory\n","exitCode":128}
[2020-01-30 21:59:55.811] [exthost] [error] {"message":"Git error","stdout":"","stderr":"fatal: Could not switch to '/home/wfu4/.vscode-server/data/logs/20200109T164336/': No such file or directory\n","exitCode":128}
[2020-01-30 21:59:55.811] [exthost] [error] {"message":"Git error","stdout":"","stderr":"fatal: Could not switch to '/home/wfu4/.vscode-server/data/logs/20200109T164336/': No such file or directory\n","exitCode":128}
[2020-01-30 21:59:55.811] [exthost] [error] {"message":"Git error","stdout":"","stderr":"fatal: Could not switch to '/home/wfu4/.vscode-server/data/logs/20200109T164336/': No such file or directory\n","exitCode":128}
[2020-01-30 21:59:55.811] [exthost] [error] {"message":"Git error","stdout":"","stderr":"fatal: Could not switch to '/home/wfu4/.vscode-server/data/logs/20200109T164336/': No such file or directory\n","exitCode":128}
[2020-01-30 21:59:55.811] [exthost] [error] {"message":"Git error","stdout":"","stderr":"fatal: Could not switch to '/home/wfu4/.vscode-server/data/logs/20200109T164336/': No such file or directory\n","exitCode":128}
[2020-01-30 21:59:55.811] [exthost] [error] {"message":"Git error","stdout":"","stderr":"fatal: Could not switch to '/home/wfu4/.vscode-server/data/logs/20200109T164336/': No such file or directory\n","exitCode":128}
[2020-01-30 21:59:55.811] [exthost] [error] {"message":"Git error","stdout":"","stderr":"fatal: Could not switch to '/home/wfu4/.vscode-server/data/logs/20200109T164336/': No such file or directory\n","exitCode":128}
[2020-01-30 21:59:55.811] [exthost] [error] {"message":"Git error","stdout":"","stderr":"fatal: Could not switch to '/home/wfu4/.vscode-server/data/logs/20200109T164336/': No such file or directory\n","exitCode":128}
[2020-01-30 21:59:55.811] [exthost] [error] {"message":"Git error","stdout":"","stderr":"fatal: Could not switch to '/home/wfu4/.vscode-server/data/logs/20200109T164336/': No such file or directory\n","exitCode":128}
[2020-01-30 21:59:55.811] [exthost] [error] {"message":"Git error","stdout":"","stderr":"fatal: Could not switch to '/home/wfu4/.vscode-server/data/logs/20200109T164336/': No such file or directory\n","exitCode":128}
[2020-01-30 21:59:55.811] [exthost] [error] {"message":"Git error","stdout":"","stderr":"fatal: Could not switch to '/home/wfu4/.vscode-server/data/logs/20200109T164336/': No such file or directory\n","exitCode":128}
[2020-01-30 21:59:55.811] [exthost] [error] {"message":"Git error","stdout":"","stderr":"fatal: Could not switch to '/home/wfu4/.vscode-server/data/logs/20200109T164336/': No such file or directory\n","exitCode":128}
[2020-01-30 21:59:55.811] [exthost] [error] {"message":"Git error","stdout":"","stderr":"fatal: Could not switch to '/home/wfu4/.vscode-server/data/logs/20200109T164336/': No such file or directory\n","exitCode":128}
[2020-01-30 21:59:55.811] [exthost] [error] {"message":"Git error","stdout":"","stderr":"fatal: Could not switch to '/home/wfu4/.vscode-server/data/logs/20200109T164336/': No such file or directory\n","exitCode":128}
[2020-01-30 21:59:55.811] [exthost] [error] {"message":"Git error","stdout":"","stderr":"fatal: Could not switch to '/home/wfu4/.vscode-server/data/logs/20200109T164336/': No such file or directory\n","exitCode":128}
[2020-01-30 21:59:55.811] [exthost] [error] {"message":"Git error","stdout":"","stderr":"fatal: Could not switch to '/home/wfu4/.vscode-server/data/logs/20200109T164336/': No such file or directory\n","exitCode":128}
[2020-01-30 21:59:55.811] [exthost] [error] {"message":"Git error","stdout":"","stderr":"fatal: Could not switch to '/home/wfu4/.vscode-server/data/logs/20200109T164336/': No such file or directory\n","exitCode":128}
[2020-01-30 21:59:55.811] [exthost] [error] {"message":"Git error","stdout":"","stderr":"fatal: Could not switch to '/home/wfu4/.vscode-server/data/logs/20200109T164336/': No such file or directory\n","exitCode":128}
[2020-01-30 21:59:55.811] [exthost] [error] {"message":"Git error","stdout":"","stderr":"fatal: Could not switch to '/home/wfu4/.vscode-server/data/logs/20200109T164336/': No such file or directory\n","exitCode":128}
[2020-01-30 21:59:55.811] [exthost] [error] {"message":"Git error","stdout":"","stderr":"fatal: Could not switch to '/home/wfu4/.vscode-server/data/logs/20200109T164336/': No such file or directory\n","exitCode":128}
[2020-01-30 22:00:07.365] [exthost] [info] ExtensionService#_doActivateExtension vscode.configuration-editing {"startup":false,"extensionId":{"value":"vscode.configuration-editing","_lower":"vscode.configuration-editing"},"activationEvent":"onLanguage:json"}
[2020-01-30 22:00:07.365] [exthost] [info] ExtensionService#loadCommonJSModule file:///home/wfu4/.vscode-server/bin/26076a4de974ead31f97692a0d32f90d735645c0/extensions/configuration-editing/dist/extension
[2020-01-30 22:00:07.372] [exthost] [info] ExtensionService#_doActivateExtension vscode.extension-editing {"startup":false,"extensionId":{"value":"vscode.extension-editing","_lower":"vscode.extension-editing"},"activationEvent":"onLanguage:json"}
[2020-01-30 22:00:07.372] [exthost] [info] ExtensionService#loadCommonJSModule file:///home/wfu4/.vscode-server/bin/26076a4de974ead31f97692a0d32f90d735645c0/extensions/extension-editing/dist/extension
[2020-01-30 22:00:07.389] [exthost] [info] ExtensionService#_doActivateExtension vscode.json-language-features {"startup":false,"extensionId":{"value":"vscode.json-language-features","_lower":"vscode.json-language-features"},"activationEvent":"onLanguage:json"}
[2020-01-30 22:00:07.390] [exthost] [info] ExtensionService#loadCommonJSModule file:///home/wfu4/.vscode-server/bin/26076a4de974ead31f97692a0d32f90d735645c0/extensions/json-language-features/client/dist/jsonMain
[2020-01-30 22:00:07.444] [exthost] [info] ExtensionService#_doActivateExtension vscode.npm {"startup":false,"extensionId":{"value":"vscode.npm","_lower":"vscode.npm"},"activationEvent":"onLanguage:json"}
[2020-01-30 22:00:07.445] [exthost] [info] ExtensionService#loadCommonJSModule file:///home/wfu4/.vscode-server/bin/26076a4de974ead31f97692a0d32f90d735645c0/extensions/npm/dist/main
