[2020-01-16 22:33:46.678] [exthost] [info] extension host started
[2020-01-16 22:33:46.748] [exthost] [info] ExtensionService#_doActivateExtension vscode.debug-auto-launch {"startup":true,"extensionId":{"value":"vscode.debug-auto-launch","_lower":"vscode.debug-auto-launch"},"activationEvent":"*"}
[2020-01-16 22:33:46.749] [exthost] [info] ExtensionService#loadCommonJSModule file:///home/wfu4/.vscode-server/bin/26076a4de974ead31f97692a0d32f90d735645c0/extensions/debug-auto-launch/dist/extension
[2020-01-16 22:33:46.756] [exthost] [info] ExtensionService#_doActivateExtension vscode.emmet {"startup":true,"extensionId":{"value":"vscode.emmet","_lower":"vscode.emmet"},"activationEvent":"*"}
[2020-01-16 22:33:46.756] [exthost] [info] ExtensionService#loadCommonJSModule file:///home/wfu4/.vscode-server/bin/26076a4de974ead31f97692a0d32f90d735645c0/extensions/emmet/dist/extension
[2020-01-16 22:33:46.797] [exthost] [info] ExtensionService#_doActivateExtension vscode.git {"startup":true,"extensionId":{"value":"vscode.git","_lower":"vscode.git"},"activationEvent":"*"}
[2020-01-16 22:33:46.797] [exthost] [info] ExtensionService#loadCommonJSModule file:///home/wfu4/.vscode-server/bin/26076a4de974ead31f97692a0d32f90d735645c0/extensions/git/dist/main
[2020-01-16 22:33:46.867] [exthost] [info] ExtensionService#_doActivateExtension vscode.merge-conflict {"startup":true,"extensionId":{"value":"vscode.merge-conflict","_lower":"vscode.merge-conflict"},"activationEvent":"*"}
[2020-01-16 22:33:46.867] [exthost] [info] ExtensionService#loadCommonJSModule file:///home/wfu4/.vscode-server/bin/26076a4de974ead31f97692a0d32f90d735645c0/extensions/merge-conflict/dist/extension
[2020-01-16 22:33:46.873] [exthost] [info] ExtensionService#_doActivateExtension vscode.search-result {"startup":true,"extensionId":{"value":"vscode.search-result","_lower":"vscode.search-result"},"activationEvent":"*"}
[2020-01-16 22:33:46.873] [exthost] [info] ExtensionService#loadCommonJSModule file:///home/wfu4/.vscode-server/bin/26076a4de974ead31f97692a0d32f90d735645c0/extensions/search-result/dist/extension.js
[2020-01-16 22:33:46.884] [exthost] [info] eager extensions activated
[2020-01-16 22:52:54.997] [exthost] [error] {"message":"Git error","stdout":"","stderr":"fatal: Could not switch to '/home/wfu4/lab0/TMP/': No such file or directory\n","exitCode":128}
[2020-01-16 22:52:54.997] [exthost] [error] {"message":"Git error","stdout":"","stderr":"fatal: Could not switch to '/home/wfu4/lab0/TMP/': No such file or directory\n","exitCode":128}
[2020-01-16 22:52:54.997] [exthost] [error] {"message":"Git error","stdout":"","stderr":"fatal: Could not switch to '/home/wfu4/lab0/TMP/': No such file or directory\n","exitCode":128}
[2020-01-16 22:52:54.997] [exthost] [error] {"message":"Git error","stdout":"","stderr":"fatal: Could not switch to '/home/wfu4/lab0/TMP/': No such file or directory\n","exitCode":128}
[2020-01-16 22:52:54.997] [exthost] [error] {"message":"Git error","stdout":"","stderr":"fatal: Could not switch to '/home/wfu4/lab0/TMP/': No such file or directory\n","exitCode":128}
[2020-01-16 22:52:54.997] [exthost] [error] {"message":"Git error","stdout":"","stderr":"fatal: Could not switch to '/home/wfu4/lab0/TMP/': No such file or directory\n","exitCode":128}
[2020-01-16 22:52:54.998] [exthost] [error] {"message":"Git error","stdout":"","stderr":"fatal: Could not switch to '/home/wfu4/lab0/TMP/': No such file or directory\n","exitCode":128}
[2020-01-16 22:52:54.998] [exthost] [error] {"message":"Git error","stdout":"","stderr":"fatal: Could not switch to '/home/wfu4/lab0/TMP/': No such file or directory\n","exitCode":128}
[2020-01-16 22:52:54.998] [exthost] [error] {"message":"Git error","stdout":"","stderr":"fatal: Could not switch to '/home/wfu4/lab0/TMP/': No such file or directory\n","exitCode":128}
[2020-01-16 22:52:54.998] [exthost] [error] {"message":"Git error","stdout":"","stderr":"fatal: Could not switch to '/home/wfu4/lab0/TMP/': No such file or directory\n","exitCode":128}
[2020-01-16 22:52:54.998] [exthost] [error] {"message":"Git error","stdout":"","stderr":"fatal: Could not switch to '/home/wfu4/lab0/TMP/': No such file or directory\n","exitCode":128}
[2020-01-16 22:52:54.998] [exthost] [error] {"message":"Git error","stdout":"","stderr":"fatal: Could not switch to '/home/wfu4/lab0/TMP/': No such file or directory\n","exitCode":128}
[2020-01-16 22:52:54.998] [exthost] [error] {"message":"Git error","stdout":"","stderr":"fatal: Could not switch to '/home/wfu4/lab0/TMP/': No such file or directory\n","exitCode":128}
[2020-01-16 22:52:54.998] [exthost] [error] {"message":"Git error","stdout":"","stderr":"fatal: Could not switch to '/home/wfu4/lab0/TMP/': No such file or directory\n","exitCode":128}
[2020-01-16 22:52:54.998] [exthost] [error] {"message":"Git error","stdout":"","stderr":"fatal: Could not switch to '/home/wfu4/lab0/TMP/': No such file or directory\n","exitCode":128}
[2020-01-16 22:52:54.998] [exthost] [error] {"message":"Git error","stdout":"","stderr":"fatal: Could not switch to '/home/wfu4/lab0/TMP/': No such file or directory\n","exitCode":128}
[2020-01-16 22:52:54.998] [exthost] [error] {"message":"Git error","stdout":"","stderr":"fatal: Could not switch to '/home/wfu4/lab0/TMP/': No such file or directory\n","exitCode":128}
[2020-01-16 22:52:54.998] [exthost] [error] {"message":"Git error","stdout":"","stderr":"fatal: Could not switch to '/home/wfu4/lab0/TMP/': No such file or directory\n","exitCode":128}
[2020-01-16 22:52:54.998] [exthost] [error] {"message":"Git error","stdout":"","stderr":"fatal: Could not switch to '/home/wfu4/lab0/TMP/': No such file or directory\n","exitCode":128}
[2020-01-16 22:52:54.998] [exthost] [error] {"message":"Git error","stdout":"","stderr":"fatal: Could not switch to '/home/wfu4/lab0/TMP/': No such file or directory\n","exitCode":128}
[2020-01-16 22:52:54.998] [exthost] [error] {"message":"Git error","stdout":"","stderr":"fatal: Could not switch to '/home/wfu4/lab0/TMP/': No such file or directory\n","exitCode":128}
[2020-01-16 22:52:54.998] [exthost] [error] {"message":"Git error","stdout":"","stderr":"fatal: Could not switch to '/home/wfu4/lab0/TMP/': No such file or directory\n","exitCode":128}
[2020-01-16 22:52:54.998] [exthost] [error] {"message":"Git error","stdout":"","stderr":"fatal: Could not switch to '/home/wfu4/lab0/TMP/': No such file or directory\n","exitCode":128}
[2020-01-16 22:52:54.998] [exthost] [error] {"message":"Git error","stdout":"","stderr":"fatal: Could not switch to '/home/wfu4/lab0/TMP/': No such file or directory\n","exitCode":128}
[2020-01-16 22:52:54.998] [exthost] [error] {"message":"Git error","stdout":"","stderr":"fatal: Could not switch to '/home/wfu4/lab0/TMP/': No such file or directory\n","exitCode":128}
[2020-01-16 22:52:54.998] [exthost] [error] {"message":"Git error","stdout":"","stderr":"fatal: Could not switch to '/home/wfu4/lab0/TMP/': No such file or directory\n","exitCode":128}
[2020-01-16 22:52:54.998] [exthost] [error] {"message":"Git error","stdout":"","stderr":"fatal: Could not switch to '/home/wfu4/lab0/TMP/': No such file or directory\n","exitCode":128}
[2020-01-16 22:52:54.998] [exthost] [error] {"message":"Git error","stdout":"","stderr":"fatal: Could not switch to '/home/wfu4/lab0/TMP/': No such file or directory\n","exitCode":128}
[2020-01-16 22:52:54.998] [exthost] [error] {"message":"Git error","stdout":"","stderr":"fatal: Could not switch to '/home/wfu4/lab0/TMP/': No such file or directory\n","exitCode":128}
[2020-01-16 22:52:54.998] [exthost] [error] {"message":"Git error","stdout":"","stderr":"fatal: Could not switch to '/home/wfu4/lab0/TMP/': No such file or directory\n","exitCode":128}
