[2020-01-19 13:00:40.598] [exthost] [info] extension host started
[2020-01-19 13:00:40.680] [exthost] [info] ExtensionService#_doActivateExtension vscode.debug-auto-launch {"startup":true,"extensionId":{"value":"vscode.debug-auto-launch","_lower":"vscode.debug-auto-launch"},"activationEvent":"*"}
[2020-01-19 13:00:40.681] [exthost] [info] ExtensionService#loadCommonJSModule file:///home/wfu4/.vscode-server/bin/26076a4de974ead31f97692a0d32f90d735645c0/extensions/debug-auto-launch/dist/extension
[2020-01-19 13:00:40.688] [exthost] [info] ExtensionService#_doActivateExtension vscode.emmet {"startup":true,"extensionId":{"value":"vscode.emmet","_lower":"vscode.emmet"},"activationEvent":"*"}
[2020-01-19 13:00:40.688] [exthost] [info] ExtensionService#loadCommonJSModule file:///home/wfu4/.vscode-server/bin/26076a4de974ead31f97692a0d32f90d735645c0/extensions/emmet/dist/extension
[2020-01-19 13:00:40.726] [exthost] [info] ExtensionService#_doActivateExtension vscode.git {"startup":true,"extensionId":{"value":"vscode.git","_lower":"vscode.git"},"activationEvent":"*"}
[2020-01-19 13:00:40.726] [exthost] [info] ExtensionService#loadCommonJSModule file:///home/wfu4/.vscode-server/bin/26076a4de974ead31f97692a0d32f90d735645c0/extensions/git/dist/main
[2020-01-19 13:00:40.793] [exthost] [info] ExtensionService#_doActivateExtension vscode.merge-conflict {"startup":true,"extensionId":{"value":"vscode.merge-conflict","_lower":"vscode.merge-conflict"},"activationEvent":"*"}
[2020-01-19 13:00:40.793] [exthost] [info] ExtensionService#loadCommonJSModule file:///home/wfu4/.vscode-server/bin/26076a4de974ead31f97692a0d32f90d735645c0/extensions/merge-conflict/dist/extension
[2020-01-19 13:00:40.798] [exthost] [info] ExtensionService#_doActivateExtension vscode.search-result {"startup":true,"extensionId":{"value":"vscode.search-result","_lower":"vscode.search-result"},"activationEvent":"*"}
[2020-01-19 13:00:40.798] [exthost] [info] ExtensionService#loadCommonJSModule file:///home/wfu4/.vscode-server/bin/26076a4de974ead31f97692a0d32f90d735645c0/extensions/search-result/dist/extension.js
[2020-01-19 13:00:40.811] [exthost] [info] eager extensions activated
[2020-01-19 13:07:59.412] [exthost] [error] {"message":"Git error","stdout":"","stderr":"fatal: Could not switch to '/home/wfu4/.vscode-server/data/logs/20200109T164336/': No such file or directory\n","exitCode":128}
[2020-01-19 13:07:59.412] [exthost] [error] {"message":"Git error","stdout":"","stderr":"fatal: Could not switch to '/home/wfu4/.vscode-server/data/logs/20200109T164336/': No such file or directory\n","exitCode":128}
[2020-01-19 13:07:59.412] [exthost] [error] {"message":"Git error","stdout":"","stderr":"fatal: Could not switch to '/home/wfu4/.vscode-server/data/logs/20200109T164336/': No such file or directory\n","exitCode":128}
[2020-01-19 13:07:59.412] [exthost] [error] {"message":"Git error","stdout":"","stderr":"fatal: Could not switch to '/home/wfu4/.vscode-server/data/logs/20200109T164336/': No such file or directory\n","exitCode":128}
[2020-01-19 13:07:59.412] [exthost] [error] {"message":"Git error","stdout":"","stderr":"fatal: Could not switch to '/home/wfu4/.vscode-server/data/logs/20200109T164336/': No such file or directory\n","exitCode":128}
[2020-01-19 13:07:59.412] [exthost] [error] {"message":"Git error","stdout":"","stderr":"fatal: Could not switch to '/home/wfu4/.vscode-server/data/logs/20200109T164336/': No such file or directory\n","exitCode":128}
[2020-01-19 13:07:59.412] [exthost] [error] {"message":"Git error","stdout":"","stderr":"fatal: Could not switch to '/home/wfu4/.vscode-server/data/logs/20200109T164336/': No such file or directory\n","exitCode":128}
[2020-01-19 13:07:59.412] [exthost] [error] {"message":"Git error","stdout":"","stderr":"fatal: Could not switch to '/home/wfu4/.vscode-server/data/logs/20200109T164336/': No such file or directory\n","exitCode":128}
[2020-01-19 13:07:59.413] [exthost] [error] {"message":"Git error","stdout":"","stderr":"fatal: Could not switch to '/home/wfu4/.vscode-server/data/logs/20200109T164336/': No such file or directory\n","exitCode":128}
[2020-01-19 13:07:59.413] [exthost] [error] {"message":"Git error","stdout":"","stderr":"fatal: Could not switch to '/home/wfu4/.vscode-server/data/logs/20200109T164336/': No such file or directory\n","exitCode":128}
[2020-01-19 13:07:59.413] [exthost] [error] {"message":"Git error","stdout":"","stderr":"fatal: Could not switch to '/home/wfu4/.vscode-server/data/logs/20200109T164336/': No such file or directory\n","exitCode":128}
[2020-01-19 13:07:59.413] [exthost] [error] {"message":"Git error","stdout":"","stderr":"fatal: Could not switch to '/home/wfu4/.vscode-server/data/logs/20200109T164336/': No such file or directory\n","exitCode":128}
[2020-01-19 13:07:59.413] [exthost] [error] {"message":"Git error","stdout":"","stderr":"fatal: Could not switch to '/home/wfu4/.vscode-server/data/logs/20200109T164336/': No such file or directory\n","exitCode":128}
[2020-01-19 13:07:59.413] [exthost] [error] {"message":"Git error","stdout":"","stderr":"fatal: Could not switch to '/home/wfu4/.vscode-server/data/logs/20200109T164336/': No such file or directory\n","exitCode":128}
[2020-01-19 13:07:59.413] [exthost] [error] {"message":"Git error","stdout":"","stderr":"fatal: Could not switch to '/home/wfu4/.vscode-server/data/logs/20200109T164336/': No such file or directory\n","exitCode":128}
[2020-01-19 13:07:59.413] [exthost] [error] {"message":"Git error","stdout":"","stderr":"fatal: Could not switch to '/home/wfu4/.vscode-server/data/logs/20200109T164336/': No such file or directory\n","exitCode":128}
[2020-01-19 13:07:59.413] [exthost] [error] {"message":"Git error","stdout":"","stderr":"fatal: Could not switch to '/home/wfu4/.vscode-server/data/logs/20200109T164336/': No such file or directory\n","exitCode":128}
[2020-01-19 13:07:59.413] [exthost] [error] {"message":"Git error","stdout":"","stderr":"fatal: Could not switch to '/home/wfu4/.vscode-server/data/logs/20200109T164336/': No such file or directory\n","exitCode":128}
[2020-01-19 13:07:59.413] [exthost] [error] {"message":"Git error","stdout":"","stderr":"fatal: Could not switch to '/home/wfu4/.vscode-server/data/logs/20200109T164336/': No such file or directory\n","exitCode":128}
[2020-01-19 13:07:59.413] [exthost] [error] {"message":"Git error","stdout":"","stderr":"fatal: Could not switch to '/home/wfu4/.vscode-server/data/logs/20200109T164336/': No such file or directory\n","exitCode":128}
[2020-01-19 13:07:59.413] [exthost] [error] {"message":"Git error","stdout":"","stderr":"fatal: Could not switch to '/home/wfu4/.vscode-server/data/logs/20200109T164336/': No such file or directory\n","exitCode":128}
[2020-01-19 13:07:59.413] [exthost] [error] {"message":"Git error","stdout":"","stderr":"fatal: Could not switch to '/home/wfu4/.vscode-server/data/logs/20200109T164336/': No such file or directory\n","exitCode":128}
[2020-01-19 13:07:59.413] [exthost] [error] {"message":"Git error","stdout":"","stderr":"fatal: Could not switch to '/home/wfu4/.vscode-server/data/logs/20200109T164336/': No such file or directory\n","exitCode":128}
[2020-01-19 13:07:59.413] [exthost] [error] {"message":"Git error","stdout":"","stderr":"fatal: Could not switch to '/home/wfu4/.vscode-server/data/logs/20200109T164336/': No such file or directory\n","exitCode":128}
[2020-01-19 13:07:59.413] [exthost] [error] {"message":"Git error","stdout":"","stderr":"fatal: Could not switch to '/home/wfu4/.vscode-server/data/logs/20200109T164336/': No such file or directory\n","exitCode":128}
[2020-01-19 13:07:59.413] [exthost] [error] {"message":"Git error","stdout":"","stderr":"fatal: Could not switch to '/home/wfu4/.vscode-server/data/logs/20200109T164336/': No such file or directory\n","exitCode":128}
[2020-01-19 13:07:59.413] [exthost] [error] {"message":"Git error","stdout":"","stderr":"fatal: Could not switch to '/home/wfu4/.vscode-server/data/logs/20200109T164336/': No such file or directory\n","exitCode":128}
[2020-01-19 13:07:59.413] [exthost] [error] {"message":"Git error","stdout":"","stderr":"fatal: Could not switch to '/home/wfu4/.vscode-server/data/logs/20200109T164336/': No such file or directory\n","exitCode":128}
[2020-01-19 13:07:59.413] [exthost] [error] {"message":"Git error","stdout":"","stderr":"fatal: Could not switch to '/home/wfu4/.vscode-server/data/logs/20200109T164336/': No such file or directory\n","exitCode":128}
